1582133381846	mozrunner::runner	INFO	Running command: "C:\\Program Files\\Mozilla Firefox\\firefox.exe" "-marionette" "-foreground" "-no-remote" "-profile" "C:\\Users\\6A7A~1\\AppData\\Local\\Temp\\rust_mozprofileNDL5Ud"
1582133464973	mozrunner::runner	INFO	Running command: "C:\\Program Files\\Mozilla Firefox\\firefox.exe" "-marionette" "-foreground" "-no-remote" "-profile" "C:\\Users\\6A7A~1\\AppData\\Local\\Temp\\rust_mozprofile2uEaE0"
1582133465414	addons.webextension.doh-rollout@mozilla.org	WARN	Loading extension 'doh-rollout@mozilla.org': Reading manifest: Invalid extension permission: networkStatus
1582133466398	addons.webextension.screenshots@mozilla.org	WARN	Loading extension 'screenshots@mozilla.org': Reading manifest: Invalid extension permission: mozillaAddons
1582133466398	addons.webextension.screenshots@mozilla.org	WARN	Loading extension 'screenshots@mozilla.org': Reading manifest: Invalid extension permission: telemetry
1582133466398	addons.webextension.screenshots@mozilla.org	WARN	Loading extension 'screenshots@mozilla.org': Reading manifest: Invalid extension permission: resource://pdf.js/
1582133466398	addons.webextension.screenshots@mozilla.org	WARN	Loading extension 'screenshots@mozilla.org': Reading manifest: Invalid extension permission: about:reader*
JavaScript error: resource://gre/modules/XULStore.jsm, line 66: Error: Can't find profile directory.
1582133468890	Marionette	INFO	Listening on port 57554
1582133469294	Marionette	WARN	TLS certificate errors will be ignored for this session
IPDL protocol error: Handler returned error code!

###!!! [Parent][DispatchAsyncMessage] Error: PLayerTransaction::Msg_ReleaseLayer Processing error: message was deserialized, but the handler returned false (indicating failure)

IPDL protocol error: Handler returned error code!

###!!! [Parent][DispatchAsyncMessage] Error: PLayerTransaction::Msg_ReleaseLayer Processing error: message was deserialized, but the handler returned false (indicating failure)

IPDL protocol error: Handler returned error code!

###!!! [Parent][DispatchAsyncMessage] Error: PLayerTransaction::Msg_ReleaseLayer Processing error: message was deserialized, but the handler returned false (indicating failure)

IPDL protocol error: Handler returned error code!

###!!! [Parent][DispatchAsyncMessage] Error: PLayerTransaction::Msg_ReleaseLayer Processing error: message was deserialized, but the handler returned false (indicating failure)

1582133486571	Marionette	INFO	Stopped listening on port 57554
1582139107615	mozrunner::runner	INFO	Running command: "C:\\Program Files\\Mozilla Firefox\\firefox.exe" "-marionette" "-foreground" "-no-remote" "-profile" "C:\\Users\\6A7A~1\\AppData\\Local\\Temp\\rust_mozprofileJwf3iX"
1582139109589	addons.webextension.doh-rollout@mozilla.org	WARN	Loading extension 'doh-rollout@mozilla.org': Reading manifest: Invalid extension permission: networkStatus
1582139110755	addons.webextension.screenshots@mozilla.org	WARN	Loading extension 'screenshots@mozilla.org': Reading manifest: Invalid extension permission: mozillaAddons
1582139110755	addons.webextension.screenshots@mozilla.org	WARN	Loading extension 'screenshots@mozilla.org': Reading manifest: Invalid extension permission: telemetry
1582139110756	addons.webextension.screenshots@mozilla.org	WARN	Loading extension 'screenshots@mozilla.org': Reading manifest: Invalid extension permission: resource://pdf.js/
1582139110756	addons.webextension.screenshots@mozilla.org	WARN	Loading extension 'screenshots@mozilla.org': Reading manifest: Invalid extension permission: about:reader*
JavaScript error: resource://gre/modules/XULStore.jsm, line 66: Error: Can't find profile directory.
1582139113474	Marionette	INFO	Listening on port 53926
1582139113779	Marionette	WARN	TLS certificate errors will be ignored for this session
JavaScript warning: https://yastatic.net/jquery/1.10.1/jquery.min.js, line 2: Using //@ to indicate sourceMappingURL pragmas is deprecated. Use //# instead
1582139127446	Marionette	INFO	Stopped listening on port 53926
1582139532737	mozrunner::runner	INFO	Running command: "C:\\Program Files\\Mozilla Firefox\\firefox.exe" "-marionette" "-foreground" "-no-remote" "-profile" "C:\\Users\\6A7A~1\\AppData\\Local\\Temp\\rust_mozprofileB2XaZS"
1582139534166	addons.webextension.doh-rollout@mozilla.org	WARN	Loading extension 'doh-rollout@mozilla.org': Reading manifest: Invalid extension permission: networkStatus
1582139534873	addons.webextension.screenshots@mozilla.org	WARN	Loading extension 'screenshots@mozilla.org': Reading manifest: Invalid extension permission: mozillaAddons
1582139534873	addons.webextension.screenshots@mozilla.org	WARN	Loading extension 'screenshots@mozilla.org': Reading manifest: Invalid extension permission: telemetry
1582139534873	addons.webextension.screenshots@mozilla.org	WARN	Loading extension 'screenshots@mozilla.org': Reading manifest: Invalid extension permission: resource://pdf.js/
1582139534873	addons.webextension.screenshots@mozilla.org	WARN	Loading extension 'screenshots@mozilla.org': Reading manifest: Invalid extension permission: about:reader*
JavaScript error: resource://gre/modules/XULStore.jsm, line 66: Error: Can't find profile directory.
1582139536734	Marionette	INFO	Listening on port 55459
1582139537098	Marionette	WARN	TLS certificate errors will be ignored for this session
JavaScript warning: https://yastatic.net/jquery/1.10.1/jquery.min.js, line 2: Using //@ to indicate sourceMappingURL pragmas is deprecated. Use //# instead
JavaScript error: resource://gre/actors/AutoCompleteChild.jsm, line 196: Error: Invalid autocomplete selectedIndex
JavaScript error: resource://gre/actors/AutoCompleteChild.jsm, line 196: Error: Invalid autocomplete selectedIndex
console.error: (new TypeError("parent is null", "resource://devtools/client/inspector/shared/style-change-tracker.js", 67))
TypeError: parent is null: canMutationImpactCurrentStyles@resource://devtools/client/inspector/shared/style-change-tracker.js:67:24
onMutations@resource://devtools/client/inspector/shared/style-change-tracker.js:84:41
emit@resource://devtools/shared/event-emitter.js:195:24
emit@resource://devtools/shared/event-emitter.js:276:18
getMutations@resource://devtools/shared/fronts/walker.js:411:10

console.error: "Error while calling actor 'pagestyle's method 'getLayout'" "node is null"
console.error: "getLayout@resource://devtools/server/actors/styles.js:944:5\nhandler@resource://devtools/shared/protocol/Actor.js:154:37\nonPacket@resource://devtools/server/debugger-server-connection.js:380:58\nreceiveMessage@resource://devtools/shared/transport/child-transport.js:66:16\n"
console.error: "Error while calling actor 'layout's method 'getGrids'" "node is null"
console.error: "getGrids@resource://devtools/server/actors/layout.js:502:26\ngetGrids@resource://devtools/server/actors/layout.js:507:43\nhandler@resource://devtools/shared/protocol/Actor.js:154:37\nonPacket@resource://devtools/server/debugger-server-connection.js:380:58\nreceiveMessage@resource://devtools/shared/transport/child-transport.js:66:16\n"
console.error: (new TypeError("container.node.targetFront is null", "resource://devtools/client/inspector/markup/markup.js", 2243))
console.error: (new Error("Protocol error (unknownError): node is null", "resource://devtools/shared/protocol/Front.js", 276))
1582139673980	Marionette	INFO	Stopped listening on port 55459
1582139683929	mozrunner::runner	INFO	Running command: "C:\\Program Files\\Mozilla Firefox\\firefox.exe" "-marionette" "-foreground" "-no-remote" "-profile" "C:\\Users\\6A7A~1\\AppData\\Local\\Temp\\rust_mozprofile7v7ITO"
1582139685922	addons.webextension.doh-rollout@mozilla.org	WARN	Loading extension 'doh-rollout@mozilla.org': Reading manifest: Invalid extension permission: networkStatus
1582139687345	addons.webextension.screenshots@mozilla.org	WARN	Loading extension 'screenshots@mozilla.org': Reading manifest: Invalid extension permission: mozillaAddons
1582139687345	addons.webextension.screenshots@mozilla.org	WARN	Loading extension 'screenshots@mozilla.org': Reading manifest: Invalid extension permission: telemetry
1582139687345	addons.webextension.screenshots@mozilla.org	WARN	Loading extension 'screenshots@mozilla.org': Reading manifest: Invalid extension permission: resource://pdf.js/
1582139687345	addons.webextension.screenshots@mozilla.org	WARN	Loading extension 'screenshots@mozilla.org': Reading manifest: Invalid extension permission: about:reader*
JavaScript error: resource://gre/modules/XULStore.jsm, line 66: Error: Can't find profile directory.
1582139690538	Marionette	INFO	Listening on port 61566
1582139690550	Marionette	WARN	TLS certificate errors will be ignored for this session
JavaScript warning: https://yastatic.net/jquery/1.10.1/jquery.min.js, line 2: Using //@ to indicate sourceMappingURL pragmas is deprecated. Use //# instead
1582139721758	Marionette	INFO	Stopped listening on port 61566
1582139729185	mozrunner::runner	INFO	Running command: "C:\\Program Files\\Mozilla Firefox\\firefox.exe" "-marionette" "-foreground" "-no-remote" "-profile" "C:\\Users\\6A7A~1\\AppData\\Local\\Temp\\rust_mozprofileul33Hr"
1582139729849	addons.webextension.doh-rollout@mozilla.org	WARN	Loading extension 'doh-rollout@mozilla.org': Reading manifest: Invalid extension permission: networkStatus
1582139730489	addons.webextension.screenshots@mozilla.org	WARN	Loading extension 'screenshots@mozilla.org': Reading manifest: Invalid extension permission: mozillaAddons
1582139730489	addons.webextension.screenshots@mozilla.org	WARN	Loading extension 'screenshots@mozilla.org': Reading manifest: Invalid extension permission: telemetry
1582139730489	addons.webextension.screenshots@mozilla.org	WARN	Loading extension 'screenshots@mozilla.org': Reading manifest: Invalid extension permission: resource://pdf.js/
1582139730489	addons.webextension.screenshots@mozilla.org	WARN	Loading extension 'screenshots@mozilla.org': Reading manifest: Invalid extension permission: about:reader*
JavaScript error: resource://gre/modules/XULStore.jsm, line 66: Error: Can't find profile directory.
1582139732431	Marionette	INFO	Listening on port 61796
1582139732519	Marionette	WARN	TLS certificate errors will be ignored for this session
JavaScript error: resource://activity-stream/lib/ActivityStreamPrefs.jsm, line 27: NS_ERROR_ILLEGAL_VALUE: Component returned failure code: 0x80070057 (NS_ERROR_ILLEGAL_VALUE) [nsIPrefBranch.removeObserver]
JavaScript error: resource://services-settings/RemoteSettingsClient.jsm, line 144: Error: Unknown callback
JavaScript error: resource://gre/modules/Sqlite.jsm, line 912: Error: Connection is not open.
JavaScript error: resource://gre/modules/ExtensionSettingsStore.jsm, line 123: Error: The ExtensionSettingsStore was accessed before the initialize promise resolved.
JavaScript error: resource://gre/modules/Sqlite.jsm, line 912: Error: Connection is not open.
1582139736619	Marionette	INFO	Stopped listening on port 61796

###!!! [Child][MessageChannel] Error: (msgtype=0xB60013,name=PWindowGlobal::Msg_Destroy) Channel closing: too late to send/recv, messages will be lost

1582139740662	mozrunner::runner	INFO	Running command: "C:\\Program Files\\Mozilla Firefox\\firefox.exe" "-marionette" "-foreground" "-no-remote" "-profile" "C:\\Users\\6A7A~1\\AppData\\Local\\Temp\\rust_mozprofileSmjxSI"
1582139741325	addons.webextension.doh-rollout@mozilla.org	WARN	Loading extension 'doh-rollout@mozilla.org': Reading manifest: Invalid extension permission: networkStatus
1582139742374	addons.webextension.screenshots@mozilla.org	WARN	Loading extension 'screenshots@mozilla.org': Reading manifest: Invalid extension permission: mozillaAddons
1582139742374	addons.webextension.screenshots@mozilla.org	WARN	Loading extension 'screenshots@mozilla.org': Reading manifest: Invalid extension permission: telemetry
1582139742374	addons.webextension.screenshots@mozilla.org	WARN	Loading extension 'screenshots@mozilla.org': Reading manifest: Invalid extension permission: resource://pdf.js/
1582139742374	addons.webextension.screenshots@mozilla.org	WARN	Loading extension 'screenshots@mozilla.org': Reading manifest: Invalid extension permission: about:reader*
JavaScript error: resource://gre/modules/XULStore.jsm, line 66: Error: Can't find profile directory.
1582139744432	Marionette	INFO	Listening on port 61873
1582139744632	Marionette	WARN	TLS certificate errors will be ignored for this session
JavaScript warning: https://yastatic.net/jquery/1.10.1/jquery.min.js, line 2: Using //@ to indicate sourceMappingURL pragmas is deprecated. Use //# instead
1582139761161	Marionette	INFO	Stopped listening on port 61873
1582139775235	mozrunner::runner	INFO	Running command: "C:\\Program Files\\Mozilla Firefox\\firefox.exe" "-marionette" "-foreground" "-no-remote" "-profile" "C:\\Users\\6A7A~1\\AppData\\Local\\Temp\\rust_mozprofile7p0OXp"
1582139775958	addons.webextension.doh-rollout@mozilla.org	WARN	Loading extension 'doh-rollout@mozilla.org': Reading manifest: Invalid extension permission: networkStatus
1582139776607	addons.webextension.screenshots@mozilla.org	WARN	Loading extension 'screenshots@mozilla.org': Reading manifest: Invalid extension permission: mozillaAddons
1582139776607	addons.webextension.screenshots@mozilla.org	WARN	Loading extension 'screenshots@mozilla.org': Reading manifest: Invalid extension permission: telemetry
1582139776607	addons.webextension.screenshots@mozilla.org	WARN	Loading extension 'screenshots@mozilla.org': Reading manifest: Invalid extension permission: resource://pdf.js/
1582139776607	addons.webextension.screenshots@mozilla.org	WARN	Loading extension 'screenshots@mozilla.org': Reading manifest: Invalid extension permission: about:reader*
JavaScript error: resource://gre/modules/XULStore.jsm, line 66: Error: Can't find profile directory.
1582139778539	Marionette	INFO	Listening on port 62132
1582139778551	Marionette	WARN	TLS certificate errors will be ignored for this session
JavaScript warning: https://yastatic.net/jquery/1.10.1/jquery.min.js, line 2: Using //@ to indicate sourceMappingURL pragmas is deprecated. Use //# instead
1582139873768	Marionette	INFO	Stopped listening on port 62132
ram Files\\Mozilla Firefox\\firefox.exe" "-marionette" "-foreground" "-no-remote" "-profile" "C:\\Users\\6A7A~1\\AppData\\Local\\Temp\\rust_mozprofilePZV3sw"
1582139844338	addons.webextension.doh-rollout@mozilla.org	WARN	Loading extension 'doh-rollout@mozilla.org': Reading manifest: Invalid extension permission: networkStatus
1582139844932	addons.webextension.screenshots@mozilla.org	WARN	Loading extension 'screenshots@mozilla.org': Reading manifest: Invalid extension permission: mozillaAddons
1582139844932	addons.webextension.screenshots@mozilla.org	WARN	Loading extension 'screenshots@mozilla.org': Reading manifest: Invalid extension permission: telemetry
1582139844932	addons.webextension.screenshots@mozilla.org	WARN	Loading extension 'screenshots@mozilla.org': Reading manifest: Invalid extension permission: resource://pdf.js/
1582139844932	addons.webextension.screenshots@mozilla.org	WARN	Loading extension 'screenshots@mozilla.org': Reading manifest: Invalid extension permission: about:reader*
JavaScript error: resource://gre/modules/XULStore.jsm, line 66: Error: Can't find profile directory.
1582139846705	Marionette	INFO	Listening on port 62485
1582139846969	Marionette	WARN	TLS certificate errors will be ignored for this session
JavaScript warning: https://yastatic.net/jquery/1.10.1/jquery.min.js, line 2: Using //@ to indicate sourceMappingURL pragmas is deprecated. Use //# instead
1582139863440	Marionette	INFO	Stopped listening on port 62485
1582139867258	mozrunner::runner	INFO	Running command: "C:\\Program Files\\Mozilla Firefox\\firefox.exe" "-marionette" "-foreground" "-no-remote" "-profile" "C:\\Users\\6A7A~1\\AppData\\Local\\Temp\\rust_mozprofilexPCffZ"
1582139868571	addons.webextension.doh-rollout@mozilla.org	WARN	Loading extension 'doh-rollout@mozilla.org': Reading manifest: Invalid extension permission: networkStatus
1582139869265	addons.webextension.screenshots@mozilla.org	WARN	Loading extension 'screenshots@mozilla.org': Reading manifest: Invalid extension permission: mozillaAddons
1582139869266	addons.webextension.screenshots@mozilla.org	WARN	Loading extension 'screenshots@mozilla.org': Reading manifest: Invalid extension permission: telemetry
1582139869266	addons.webextension.screenshots@mozilla.org	WARN	Loading extension 'screenshots@mozilla.org': Reading manifest: Invalid extension permission: resource://pdf.js/
1582139869266	addons.webextension.screenshots@mozilla.org	WARN	Loading extension 'screenshots@mozilla.org': Reading manifest: Invalid extension permission: about:reader*
JavaScript error: resource://gre/modules/XULStore.jsm, line 66: Error: Can't find profile directory.
1582139870660	Marionette	INFO	Listening on port 62693
1582139871071	Marionette	WARN	TLS certificate errors will be ignored for this session
JavaScript warning: https://yastatic.net/jquery/1.10.1/jquery.min.js, line 2: Using //@ to indicate sourceMappingURL pragmas is deprecated. Use //# instead
1582139902509	Marionette	INFO	Stopped listening on port 62693
1582139916370	mozrunner::runner	INFO	Running command: "C:\\Program Files\\Mozilla Firefox\\firefox.exe" "-marionette" "-foreground" "-no-remote" "-profile" "C:\\Users\\6A7A~1\\AppData\\Local\\Temp\\rust_mozprofileFv1Hly"
1582139916829	addons.webextension.doh-rollout@mozilla.org	WARN	Loading extension 'doh-rollout@mozilla.org': Reading manifest: Invalid extension permission: networkStatus
1582139917528	addons.webextension.screenshots@mozilla.org	WARN	Loading extension 'screenshots@mozilla.org': Reading manifest: Invalid extension permission: mozillaAddons
1582139917528	addons.webextension.screenshots@mozilla.org	WARN	Loading extension 'screenshots@mozilla.org': Reading manifest: Invalid extension permission: telemetry
1582139917528	addons.webextension.screenshots@mozilla.org	WARN	Loading extension 'screenshots@mozilla.org': Reading manifest: Invalid extension permission: resource://pdf.js/
1582139917528	addons.webextension.screenshots@mozilla.org	WARN	Loading extension 'screenshots@mozilla.org': Reading manifest: Invalid extension permission: about:reader*
JavaScript error: resource://gre/modules/XULStore.jsm, line 66: Error: Can't find profile directory.
1582139919150	Marionette	INFO	Listening on port 62977
1582139919585	Marionette	WARN	TLS certificate errors will be ignored for this session
JavaScript warning: https://yastatic.net/jquery/1.10.1/jquery.min.js, line 2: Using //@ to indicate sourceMappingURL pragmas is deprecated. Use //# instead
JavaScript error: https://awaps.yandex.net/0/c1/tVK-Oiz0m0j0DyMciZzbM9p5+vVgtqjcwCuglNzG+BUxVXVTZNsI-6FCEwrRp_tJ0uO8ddmPmZxZ92XP9fKELkrfUvxQ4C9Futwpk-YoulUWAPsSwdqxHJ0jp97_t4SmJnwzj98CAAq0xa4HPTcZKapAprkTQEo0XP6A9Dygy34owfleLrptCgtpa_t38DSzZ8LAMQfP3o08r0N27tknAk7csO92PBxjJNT5xiG0aprq+aM9ZROrRCT_tBdfaV6AJKcD+tiGcifpTT2q5vl+SwWpyrCBZVP5N8mDE2BZ10qjaH0wvrIyI_t5SeBMNTUzNGbrcPX+FZvUqlEUBP4pAt0AB2AHIWqagHMUwB9ehDG3W68fGPu_iXsgV6l-uTk3QAzR8Y6Oq2uXT4JkzXs-XMQtBlDHL3rCCAQAA_A_.htm/data/?&html5ad=1&&link1=https://awaps.yandex.net/1/c1/tvWTJu6DQ6ddTg5hAHEMSmCcPcGJV7ArwtvVYlvstHFzzzf4XcodBI3z7NDon_t8pXVojvaQdluF6w+71QftJkZcijYVaLl8woRtO2fhrkCUwoQKUR9LvpHNIey_tOHrrKFy2bVD3ImwAFfsPZWMAMcR07XtALrmvbA2PypYXvbk8UjpxVQ1+gSXe_tirGZAttf8H1iZJnS1C4482A8-VozAkzRQqEYBmNYrCIyMB+K1OrDzS+yEjFL_tNmDfJFJ+9sQsJyx4U94NuGZKm032B6bumbW3IjsDtACMy8yBFAIfIkhti91o_tPo5OVWWM0jGJ9srdRFvTFDp3RVS0oYFTA0QxGy2UJAxoIolKRR8dPNlVbn1w_tTL4wUbr9EgmSi5gDh9a5RVcVR6O4BcdtFydhipifSYRmllcQkmghK3hBEy5y_F3LzQ26IA_A_.htm&link2=&link3=&link4=&link5=&link6=&link7=&link8=&link9=&link10=, line 585: TypeError: this.all.air is undefined
1582139974488	Marionette	INFO	Stopped listening on port 62977
JavaScript error: resource://gre/modules/osfile/osfile_async_front.jsm, line 426: Error: OS.File has been shut down. Rejecting post to stat
ozprofilei1INry"
1582139968031	addons.webextension.doh-rollout@mozilla.org	WARN	Loading extension 'doh-rollout@mozilla.org': Reading manifest: Invalid extension permission: networkStatus
1582139968669	addons.webextension.screenshots@mozilla.org	WARN	Loading extension 'screenshots@mozilla.org': Reading manifest: Invalid extension permission: mozillaAddons
1582139968669	addons.webextension.screenshots@mozilla.org	WARN	Loading extension 'screenshots@mozilla.org': Reading manifest: Invalid extension permission: telemetry
1582139968669	addons.webextension.screenshots@mozilla.org	WARN	Loading extension 'screenshots@mozilla.org': Reading manifest: Invalid extension permission: resource://pdf.js/
1582139968669	addons.webextension.screenshots@mozilla.org	WARN	Loading extension 'screenshots@mozilla.org': Reading manifest: Invalid extension permission: about:reader*
JavaScript error: resource://gre/modules/XULStore.jsm, line 66: Error: Can't find profile directory.
1582139970233	Marionette	INFO	Listening on port 63304
1582139970333	Marionette	WARN	TLS certificate errors will be ignored for this session
JavaScript warning: https://yastatic.net/jquery/1.10.1/jquery.min.js, line 2: Using //@ to indicate sourceMappingURL pragmas is deprecated. Use //# instead
1582140085924	Marionette	INFO	Stopped listening on port 63304
1582140089860	mozrunner::runner	INFO	Running command: "C:\\Program Files\\Mozilla Firefox\\firefox.exe" "-marionette" "-foreground" "-no-remote" "-profile" "C:\\Users\\6A7A~1\\AppData\\Local\\Temp\\rust_mozprofiledcP5zO"
1582140090490	addons.webextension.doh-rollout@mozilla.org	WARN	Loading extension 'doh-rollout@mozilla.org': Reading manifest: Invalid extension permission: networkStatus
1582140091114	addons.webextension.screenshots@mozilla.org	WARN	Loading extension 'screenshots@mozilla.org': Reading manifest: Invalid extension permission: mozillaAddons
1582140091114	addons.webextension.screenshots@mozilla.org	WARN	Loading extension 'screenshots@mozilla.org': Reading manifest: Invalid extension permission: telemetry
1582140091114	addons.webextension.screenshots@mozilla.org	WARN	Loading extension 'screenshots@mozilla.org': Reading manifest: Invalid extension permission: resource://pdf.js/
1582140091114	addons.webextension.screenshots@mozilla.org	WARN	Loading extension 'screenshots@mozilla.org': Reading manifest: Invalid extension permission: about:reader*
JavaScript error: resource://gre/modules/XULStore.jsm, line 66: Error: Can't find profile directory.
1582140092663	Marionette	INFO	Listening on port 63848
1582140093772	Marionette	WARN	TLS certificate errors will be ignored for this session
JavaScript warning: https://yastatic.net/jquery/1.10.1/jquery.min.js, line 2: Using //@ to indicate sourceMappingURL pragmas is deprecated. Use //# instead
1582140180874	Marionette	INFO	Stopped listening on port 63848
ram Files\\Mozilla Firefox\\firefox.exe" "-marionette" "-foreground" "-no-remote" "-profile" "C:\\Users\\6A7A~1\\AppData\\Local\\Temp\\rust_mozprofilemzVTPq"
1582140174958	addons.webextension.doh-rollout@mozilla.org	WARN	Loading extension 'doh-rollout@mozilla.org': Reading manifest: Invalid extension permission: networkStatus
1582140175594	addons.webextension.screenshots@mozilla.org	WARN	Loading extension 'screenshots@mozilla.org': Reading manifest: Invalid extension permission: mozillaAddons
1582140175594	addons.webextension.screenshots@mozilla.org	WARN	Loading extension 'screenshots@mozilla.org': Reading manifest: Invalid extension permission: telemetry
1582140175594	addons.webextension.screenshots@mozilla.org	WARN	Loading extension 'screenshots@mozilla.org': Reading manifest: Invalid extension permission: resource://pdf.js/
1582140175594	addons.webextension.screenshots@mozilla.org	WARN	Loading extension 'screenshots@mozilla.org': Reading manifest: Invalid extension permission: about:reader*
JavaScript error: resource://gre/modules/XULStore.jsm, line 66: Error: Can't find profile directory.
1582140177094	Marionette	INFO	Listening on port 64264
1582140177229	Marionette	WARN	TLS certificate errors will be ignored for this session
JavaScript warning: https://yastatic.net/jquery/1.10.1/jquery.min.js, line 2: Using //@ to indicate sourceMappingURL pragmas is deprecated. Use //# instead
1582140198343	Marionette	INFO	Stopped listening on port 64264
1582140223722	mozrunner::runner	INFO	Running command: "C:\\Program Files\\Mozilla Firefox\\firefox.exe" "-marionette" "-foreground" "-no-remote" "-profile" "C:\\Users\\6A7A~1\\AppData\\Local\\Temp\\rust_mozprofileBWiJS9"
1582140224303	addons.webextension.doh-rollout@mozilla.org	WARN	Loading extension 'doh-rollout@mozilla.org': Reading manifest: Invalid extension permission: networkStatus
1582140224926	addons.webextension.screenshots@mozilla.org	WARN	Loading extension 'screenshots@mozilla.org': Reading manifest: Invalid extension permission: mozillaAddons
1582140224926	addons.webextension.screenshots@mozilla.org	WARN	Loading extension 'screenshots@mozilla.org': Reading manifest: Invalid extension permission: telemetry
1582140224926	addons.webextension.screenshots@mozilla.org	WARN	Loading extension 'screenshots@mozilla.org': Reading manifest: Invalid extension permission: resource://pdf.js/
1582140224927	addons.webextension.screenshots@mozilla.org	WARN	Loading extension 'screenshots@mozilla.org': Reading manifest: Invalid extension permission: about:reader*
JavaScript error: resource://gre/modules/XULStore.jsm, line 66: Error: Can't find profile directory.
1582140226569	Marionette	INFO	Listening on port 64525
1582140228526	Marionette	WARN	TLS certificate errors will be ignored for this session
JavaScript warning: https://yastatic.net/jquery/1.10.1/jquery.min.js, line 2: Using //@ to indicate sourceMappingURL pragmas is deprecated. Use //# instead
1582140242435	Marionette	INFO	Stopped listening on port 64525
1582140247173	mozrunner::runner	INFO	Running command: "C:\\Program Files\\Mozilla Firefox\\firefox.exe" "-marionette" "-foreground" "-no-remote" "-profile" "C:\\Users\\6A7A~1\\AppData\\Local\\Temp\\rust_mozprofile0ZTGM6"
1582140247667	addons.webextension.doh-rollout@mozilla.org	WARN	Loading extension 'doh-rollout@mozilla.org': Reading manifest: Invalid extension permission: networkStatus
1582140248391	addons.webextension.screenshots@mozilla.org	WARN	Loading extension 'screenshots@mozilla.org': Reading manifest: Invalid extension permission: mozillaAddons
1582140248391	addons.webextension.screenshots@mozilla.org	WARN	Loading extension 'screenshots@mozilla.org': Reading manifest: Invalid extension permission: telemetry
1582140248391	addons.webextension.screenshots@mozilla.org	WARN	Loading extension 'screenshots@mozilla.org': Reading manifest: Invalid extension permission: resource://pdf.js/
1582140248391	addons.webextension.screenshots@mozilla.org	WARN	Loading extension 'screenshots@mozilla.org': Reading manifest: Invalid extension permission: about:reader*
JavaScript error: resource://gre/modules/XULStore.jsm, line 66: Error: Can't find profile directory.
1582140250285	Marionette	INFO	Listening on port 64712
1582140250373	Marionette	WARN	TLS certificate errors will be ignored for this session
JavaScript warning: https://yastatic.net/jquery/1.10.1/jquery.min.js, line 2: Using //@ to indicate sourceMappingURL pragmas is deprecated. Use //# instead
JavaScript error: https://awaps.yandex.net/0/c1/tVK-Oiz0m0j0DyMciZzbM9p5+vVgtqjcwCuglNzG+BUxVXVTZNsI-6FCEwrRp_tJ0uO8ddmPmZxZ92XP9fKELkrfUvxQ4C9Futwpk-YoulUWAPsSwdqxHJ0jp97_t4SmJnwzj98CAAq0xa4HPTcZKapAprkTQEo0XP6A9Dygy34owfleLrptCgtpa_t35f+SYlHzz+Ct+X3O-ELDZTdc55sPjMW052veFx1PaVbpeIIx69JwMXxHdX1_tymVHB8XSZAzL6X0ZrM9W8hjz5nd840oy1NZekaPQBqeHsr3vuxmwxeJhVH0y_tlBnhhPvPKnMXN-kdrk1jG3zhe1HAYgtAPy4ugYWhMUo+E1hHJQdrKeIRlsiW_iUIxoR8GuTK8r+XfoieuY1j6OxODJ8o-TZHJDbYohRN7PgAAA_A_.htm/data/?&html5ad=1&&link1=https://awaps.yandex.net/1/c1/tvWTJu6DQ6ddTg5hAHEMSmCcPcGJV7ArwtvVYlvstHFzAkHvYGcp80ahV1v4C_tHanCZRi2AtDA7gAsPbBmrSuMoyfYdxIwR8BiO5R9++9TS8oZqCvNfisY-XWd_tDMiI5C-1dSqhH1z1mP60SxKdIp6zgU6U2VNfSQoyVdv+6HNaAa34PDvx6xE6_tIEohc3kQD-phNlyGyktHfsTNSoNodmo6YioUA2hJZhwlHSde0ZdY9s6uzkP9_totMNkSGzFRZPrfwPIMNdLztuKkW5sUBz62TC6Jhq0Uwoef3zvfgf8QuyAw-4_tzubJijYACUGBSt73NxO2nGX8r5+EwH+VBTQwLpXivVPqdr2qL4rwrtN81kZ7_trHng9zL-jxUGDSLotRBi0LP4cuXg-HGWfNJLHht+dwlDZToN6fbtaZY9XCYJ_FRCp2s+4A_A_.htm&link2=&link3=&link4=&link5=&link6=&link7=&link8=&link9=&link10=, line 585: TypeError: this.all.air is undefined
1582140268557	Marionette	INFO	Stopped listening on port 64712
1582140279672	mozrunner::runner	INFO	Running command: "C:\\Program Files\\Mozilla Firefox\\firefox.exe" "-marionette" "-foreground" "-no-remote" "-profile" "C:\\Users\\6A7A~1\\AppData\\Local\\Temp\\rust_mozprofileYmbYMR"
1582140280159	addons.webextension.doh-rollout@mozilla.org	WARN	Loading extension 'doh-rollout@mozilla.org': Reading manifest: Invalid extension permission: networkStatus
1582140280941	addons.webextension.screenshots@mozilla.org	WARN	Loading extension 'screenshots@mozilla.org': Reading manifest: Invalid extension permission: mozillaAddons
1582140280942	addons.webextension.screenshots@mozilla.org	WARN	Loading extension 'screenshots@mozilla.org': Reading manifest: Invalid extension permission: telemetry
1582140280942	addons.webextension.screenshots@mozilla.org	WARN	Loading extension 'screenshots@mozilla.org': Reading manifest: Invalid extension permission: resource://pdf.js/
1582140280942	addons.webextension.screenshots@mozilla.org	WARN	Loading extension 'screenshots@mozilla.org': Reading manifest: Invalid extension permission: about:reader*
JavaScript error: resource://gre/modules/XULStore.jsm, line 66: Error: Can't find profile directory.
1582140282583	Marionette	INFO	Listening on port 64932
1582140282959	Marionette	WARN	TLS certificate errors will be ignored for this session
JavaScript warning: https://yastatic.net/jquery/1.10.1/jquery.min.js, line 2: Using //@ to indicate sourceMappingURL pragmas is deprecated. Use //# instead
1582140328473	Marionette	INFO	Stopped listening on port 64932
ram Files\\Mozilla Firefox\\firefox.exe" "-marionette" "-foreground" "-no-remote" "-profile" "C:\\Users\\6A7A~1\\AppData\\Local\\Temp\\rust_mozprofile0kesH2"
1582140326956	addons.webextension.doh-rollout@mozilla.org	WARN	Loading extension 'doh-rollout@mozilla.org': Reading manifest: Invalid extension permission: networkStatus
1582140328506	addons.webextension.screenshots@mozilla.org	WARN	Loading extension 'screenshots@mozilla.org': Reading manifest: Invalid extension permission: mozillaAddons
1582140328506	addons.webextension.screenshots@mozilla.org	WARN	Loading extension 'screenshots@mozilla.org': Reading manifest: Invalid extension permission: telemetry
1582140328506	addons.webextension.screenshots@mozilla.org	WARN	Loading extension 'screenshots@mozilla.org': Reading manifest: Invalid extension permission: resource://pdf.js/
1582140328506	addons.webextension.screenshots@mozilla.org	WARN	Loading extension 'screenshots@mozilla.org': Reading manifest: Invalid extension permission: about:reader*
JavaScript error: resource://gre/modules/XULStore.jsm, line 66: Error: Can't find profile directory.
1582140330222	Marionette	INFO	Listening on port 65130
1582140330664	Marionette	WARN	TLS certificate errors will be ignored for this session
JavaScript warning: https://yastatic.net/jquery/1.10.1/jquery.min.js, line 2: Using //@ to indicate sourceMappingURL pragmas is deprecated. Use //# instead
1582140350918	Marionette	INFO	Stopped listening on port 65130
1582140359188	mozrunner::runner	INFO	Running command: "C:\\Program Files\\Mozilla Firefox\\firefox.exe" "-marionette" "-foreground" "-no-remote" "-profile" "C:\\Users\\6A7A~1\\AppData\\Local\\Temp\\rust_mozprofilelmW3EE"
1582140359656	addons.webextension.doh-rollout@mozilla.org	WARN	Loading extension 'doh-rollout@mozilla.org': Reading manifest: Invalid extension permission: networkStatus
1582140360520	addons.webextension.screenshots@mozilla.org	WARN	Loading extension 'screenshots@mozilla.org': Reading manifest: Invalid extension permission: mozillaAddons
1582140360520	addons.webextension.screenshots@mozilla.org	WARN	Loading extension 'screenshots@mozilla.org': Reading manifest: Invalid extension permission: telemetry
1582140360520	addons.webextension.screenshots@mozilla.org	WARN	Loading extension 'screenshots@mozilla.org': Reading manifest: Invalid extension permission: resource://pdf.js/
1582140360521	addons.webextension.screenshots@mozilla.org	WARN	Loading extension 'screenshots@mozilla.org': Reading manifest: Invalid extension permission: about:reader*
JavaScript error: resource://gre/modules/XULStore.jsm, line 66: Error: Can't find profile directory.
1582140362092	Marionette	INFO	Listening on port 65302
1582140362404	Marionette	WARN	TLS certificate errors will be ignored for this session
JavaScript warning: https://yastatic.net/jquery/1.10.1/jquery.min.js, line 2: Using //@ to indicate sourceMappingURL pragmas is deprecated. Use //# instead
JavaScript error: https://awaps.yandex.net/0/c1/tVK-Oiz0m0j0DyMciZzbM9p5+vVgtqjcwCuglNzG+BUxVXVTZNsI-6FCEwrRp_tJ0uO8ddmPmZxZ92XP9fKELkrfUvxQ4C9Futwpk-YoulUWAPsSwdqxHJ0jp97_t4SmJnwzj98CAAq0xa4HPTcZKapAprkTQEo0XP6A9Dygy34owfleLrptCgtpa_t38DSzZ8LAMQfP3o08r0N27tknAk7csO92PBxjJNT5xiG0aprq+aM9ZROrRCT_tBdfaVwAiTDn8oP60lG+aC71qj85-DKvdhCOMtTIrCc4hOZeHQTO1Jtg9gIsA_tdqNH6rOrqg1P+ykn7BiHvhnoNlL1fabK0eLu0nSfENa1SfeY2e0bjSo-KPt0_iiwpi6UznKaLm2cUV8T7PChzgQeAfiYu6zB+syDh5civ-BgAA_A_.htm/data/?&html5ad=1&&link1=https://awaps.yandex.net/1/c1/tvWTJu6DQ6ddTg5hAHEMSmCcPcGJV7ArwtvVYlvstHFzzzf4XcodBI3z7NDon_t8pXVojvaQdluF6w+71QftJkZcijYVaLl8woRtO2fhrkCUwoQKUR9LvpHNIey_tOHrrKFy2bVD3ImwAFfsPZWMAMcR07XtALrmvbA2PypYXvbk8UjpxVQ1+gSXe_tiun6ZVOg69y01g0Qq5u0WVrVy8NE7r16mH29XYt8QAQyQf3-PX7NZ4diwl5c_twTVjc6IyIvnsYJ0Vkz847tptZgUFpzVxpAX9iDANbyIPAudB3I8eXgdtIpBi_t-PaDV+ukU0E4Xvaw6AK7EtliuBdNbVndn3Lmlej65YG58CgzsaYczEGlIy-n_tzyJ9hFjfPLsIFaHCf+Gyeqp76rfOk39UhlobKSuQsSIEhHqP2rDP9HwfP2oq_FQmfD6BAA_A_.htm&link2=&link3=&link4=&link5=&link6=&link7=&link8=&link9=&link10=, line 585: TypeError: this.all.air is undefined
JavaScript error: resource://gre/actors/AutoCompleteChild.jsm, line 196: Error: Invalid autocomplete selectedIndex
1582140412963	Marionette	INFO	Stopped listening on port 65302
1582140628213	mozrunner::runner	INFO	Running command: "C:\\Program Files\\Mozilla Firefox\\firefox.exe" "-marionette" "-foreground" "-no-remote" "-profile" "C:\\Users\\6A7A~1\\AppData\\Local\\Temp\\rust_mozprofileh1BLbk"
1582140628693	addons.webextension.doh-rollout@mozilla.org	WARN	Loading extension 'doh-rollout@mozilla.org': Reading manifest: Invalid extension permission: networkStatus
1582140629559	addons.webextension.screenshots@mozilla.org	WARN	Loading extension 'screenshots@mozilla.org': Reading manifest: Invalid extension permission: mozillaAddons
1582140629559	addons.webextension.screenshots@mozilla.org	WARN	Loading extension 'screenshots@mozilla.org': Reading manifest: Invalid extension permission: telemetry
1582140629559	addons.webextension.screenshots@mozilla.org	WARN	Loading extension 'screenshots@mozilla.org': Reading manifest: Invalid extension permission: resource://pdf.js/
1582140629559	addons.webextension.screenshots@mozilla.org	WARN	Loading extension 'screenshots@mozilla.org': Reading manifest: Invalid extension permission: about:reader*
JavaScript error: resource://gre/modules/XULStore.jsm, line 66: Error: Can't find profile directory.
1582140631000	Marionette	INFO	Listening on port 49993
1582140631016	Marionette	WARN	TLS certificate errors will be ignored for this session
JavaScript warning: https://yastatic.net/jquery/1.10.1/jquery.min.js, line 2: Using //@ to indicate sourceMappingURL pragmas is deprecated. Use //# instead
1582140642679	Marionette	WARN	TimedPromise timed out after 0 ms: stacktrace:
TimedPromise/<@chrome://marionette/content/sync.js:244:13
TimedPromise@chrome://marionette/content/sync.js:229:10
Sleep@chrome://marionette/content/sync.js:282:10
dispatchPause@chrome://marionette/content/action.js:1482:10
toEvents/<@chrome://marionette/content/action.js:1156:16
action.dispatchTickActions@chrome://marionette/content/action.js:1060:35
action.dispatch/chainEvents<@chrome://marionette/content/action.js:1028:20
action.dispatch@chrome://marionette/content/action.js:1034:5
performActions@chrome://marionette/content/listener.js:850:16
dispatch/</req<@chrome://marionette/content/listener.js:527:14
dispatch/<@chrome://marionette/content/listener.js:520:15
1582140650797	Marionette	INFO	Stopped listening on port 49993
1582140773852	mozrunner::runner	INFO	Running command: "C:\\Program Files\\Mozilla Firefox\\firefox.exe" "-marionette" "-foreground" "-no-remote" "-profile" "C:\\Users\\6A7A~1\\AppData\\Local\\Temp\\rust_mozprofileIvRA0Y"
1582140774298	addons.webextension.doh-rollout@mozilla.org	WARN	Loading extension 'doh-rollout@mozilla.org': Reading manifest: Invalid extension permission: networkStatus
1582140774938	addons.webextension.screenshots@mozilla.org	WARN	Loading extension 'screenshots@mozilla.org': Reading manifest: Invalid extension permission: mozillaAddons
1582140774938	addons.webextension.screenshots@mozilla.org	WARN	Loading extension 'screenshots@mozilla.org': Reading manifest: Invalid extension permission: telemetry
1582140774938	addons.webextension.screenshots@mozilla.org	WARN	Loading extension 'screenshots@mozilla.org': Reading manifest: Invalid extension permission: resource://pdf.js/
1582140774938	addons.webextension.screenshots@mozilla.org	WARN	Loading extension 'screenshots@mozilla.org': Reading manifest: Invalid extension permission: about:reader*
JavaScript error: resource://gre/modules/XULStore.jsm, line 66: Error: Can't find profile directory.
1582140776738	Marionette	INFO	Listening on port 50582
1582140777057	Marionette	WARN	TLS certificate errors will be ignored for this session
JavaScript warning: https://yastatic.net/jquery/1.10.1/jquery.min.js, line 2: Using //@ to indicate sourceMappingURL pragmas is deprecated. Use //# instead
1582140809284	Marionette	INFO	Stopped listening on port 50582
1582140852428	mozrunner::runner	INFO	Running command: "C:\\Program Files\\Mozilla Firefox\\firefox.exe" "-marionette" "-foreground" "-no-remote" "-profile" "C:\\Users\\6A7A~1\\AppData\\Local\\Temp\\rust_mozprofilethvEWt"
1582140852993	addons.webextension.doh-rollout@mozilla.org	WARN	Loading extension 'doh-rollout@mozilla.org': Reading manifest: Invalid extension permission: networkStatus
1582140853890	addons.webextension.screenshots@mozilla.org	WARN	Loading extension 'screenshots@mozilla.org': Reading manifest: Invalid extension permission: mozillaAddons
1582140853890	addons.webextension.screenshots@mozilla.org	WARN	Loading extension 'screenshots@mozilla.org': Reading manifest: Invalid extension permission: telemetry
1582140853890	addons.webextension.screenshots@mozilla.org	WARN	Loading extension 'screenshots@mozilla.org': Reading manifest: Invalid extension permission: resource://pdf.js/
1582140853890	addons.webextension.screenshots@mozilla.org	WARN	Loading extension 'screenshots@mozilla.org': Reading manifest: Invalid extension permission: about:reader*
JavaScript error: resource://gre/modules/XULStore.jsm, line 66: Error: Can't find profile directory.
1582140855287	Marionette	INFO	Listening on port 50917
1582140855634	Marionette	WARN	TLS certificate errors will be ignored for this session
JavaScript warning: https://yastatic.net/jquery/1.10.1/jquery.min.js, line 2: Using //@ to indicate sourceMappingURL pragmas is deprecated. Use //# instead
JavaScript error: https://awaps.yandex.net/0/c1/tVK-Oiz0m0j0DyMciZzbM9j50+pR89QKZBcqbucYAt4OCD8hUpasOd3CJ8S1t_tWiD-Cy7QtTzuP0RaZMw6IQCDcGdEkVUnFixdumf0JP27pEKVKI+CVcix850O_t4GkE38tp2+wS13eKfkcNGNLtMvBMcPSorYsWyev6ovvUcVVRGajRpWf3fYFW_td3trFZ38PMa9usiehMtIdbs7wFXQeS-y7WGMbCg4q3kMD8Jml4a3uWCHEzc9_tAIwaiOW2zee9H5h5s55QB8sEQJxWVw55R+ZcXDCfOffJuErDJQ-DYWYN9zT1_tQX+b6yb7HsjziAnfuVlOudVq0RSl+Y1HXRE2YuWMek8g0apxOjIAlkx84G8A_il3PrSj6pCtFXYjyUrlUy1o4eVjI9qcIR4SysINlKCbZ2TQAA_A_.htm/data/index.js, line 212: TypeError: self.logo is undefined
JavaScript error: https://awaps.yandex.net/0/c1/tVK-Oiz0m0j0DyMciZzbM9j50+pR89QKZBcqbucYAt4OCD8hUpasOd3CJ8S1t_tWiD-Cy7QtTzuP0RaZMw6IQCDcGdEkVUnFixdumf0JP27pEKVKI+CVcix850O_t4GkE38tp2+wS13eKfkcNGNLtMvBMcPSorYsWyev6ovvUcVVRGajRpWf3fYFW_td3trFZ38PMa9usiehMtIdbs7wFXQeS-y7WGMbCg4q3kMD8Jml4a3uWCHEzc9_tAIwaiOW2zee9H5h5s55QB8sEQJxWVw55R+ZcXDCfOffJuErDJQ-DYWYN9zT1_tQX+b6yb7HsjziAnfuVlOudVq0RSl+Y1HXRE2YuWMek8g0apxOjIAlkx84G8A_il3PrSj6pCtFXYjyUrlUy1o4eVjI9qcIR4SysINlKCbZ2TQAA_A_.htm/data/index.js, line 212: TypeError: self.logo is undefined
1582140890562	mozrunner::runner	INFO	Running command: "C:\\Program Files\\Mozilla Firefox\\firefox.exe" "-marionette" "-foreground" "-no-remote" "-profile" "C:\\Users\\6A7A~1\\AppData\\Local\\Temp\\rust_mozprofilex9eiND"
1582140891005	addons.webextension.doh-rollout@mozilla.org	WARN	Loading extension 'doh-rollout@mozilla.org': Reading manifest: Invalid extension permission: networkStatus
1582140891503	addons.webextension.screenshots@mozilla.org	WARN	Loading extension 'screenshots@mozilla.org': Reading manifest: Invalid extension p[Parent 4980, Gecko_IOThread] WARNING: file z:/task_1581954009/build/src/ipc/chromium/src/base/process_util_win.cc, line 160
1582140902040	Marionette	INFO	Stopped listening on port 50917
ry
1582140891503	addons.webextension.screenshots@mozilla.org	WARN	Loading extension 'screenshots@mozilla.org': Reading manifest: Invalid extension permission: resource://pdf.js/
1582140891503	addons.webextension.screenshots@mozilla.org	WARN	Loading extension 'screenshots@mozilla.org': Reading manifest: Invalid extension permission: about:reader*
JavaScript error: resource://gre/modules/XULStore.jsm, line 66: Error: Can't find profile directory.
1582140893147	Marionette	INFO	Listening on port 51153
1582140893267	Marionette	WARN	TLS certificate errors will be ignored for this session
JavaScript warning: https://yastatic.net/jquery/1.10.1/jquery.min.js, line 2: Using //@ to indicate sourceMappingURL pragmas is deprecated. Use //# instead
1582140958565	Marionette	INFO	Stopped listening on port 51153
ram Files\\Mozilla Firefox\\firefox.exe" "-marionette" "-foreground" "-no-remote" "-profile" "C:\\Users\\6A7A~1\\AppData\\Local\\Temp\\rust_mozprofilergGJ8M"
1582140958979	addons.webextension.doh-rollout@mozilla.org	WARN	Loading extension 'doh-rollout@mozilla.org': Reading manifest: Invalid extension permission: networkStatus
1582140959532	addons.webextension.screenshots@mozilla.org	WARN	Loading extension 'screenshots@mozilla.org': Reading manifest: Invalid extension permission: mozillaAddons
1582140959532	addons.webextension.screenshots@mozilla.org	WARN	Loading extension 'screenshots@mozilla.org': Reading manifest: Invalid extension permission: telemetry
1582140959532	addons.webextension.screenshots@mozilla.org	WARN	Loading extension 'screenshots@mozilla.org': Reading manifest: Invalid extension permission: resource://pdf.js/
1582140959532	addons.webextension.screenshots@mozilla.org	WARN	Loading extension 'screenshots@mozilla.org': Reading manifest: Invalid extension permission: about:reader*
JavaScript error: resource://gre/modules/XULStore.jsm, line 66: Error: Can't find profile directory.
1582140961362	Marionette	INFO	Listening on port 51388
1582140961721	Marionette	WARN	TLS certificate errors will be ignored for this session
JavaScript warning: https://yastatic.net/jquery/1.10.1/jquery.min.js, line 2: Using //@ to indicate sourceMappingURL pragmas is deprecated. Use //# instead
JavaScript error: https://awaps.yandex.net/0/c1/tVK-Oiz0m0j0DyMciZzbM9j50+pR89QKZBcqbucYAt4OCD8hUpasOd3CJ8S1t_tWiD-Cy7QtTzuP0RaZMw6IQCDcGdEkVUnFixdumf0JP27pEKVKI+CVcix850O_t4GkE38tp2+wS13eKfkcNGNLtMvBMcPSorYsWyev6ovvUcVVRGajRpWf3fYFW_td3trFZ38PMa9usiehMtIdbs7wFXQeS-y7WGMbCg4q3kMD8Jml4a3uWCHEzc9_tAIwaiHx-PDghig6XbYwbamWNTBDL8MTE1m0bLcqfNNc3ONuCp2jBYxlG+QWi_ty+fDRRFSHCBd7sWQCChr7sOE5DOAoO8fso62sOUpbeJ42GzEuN1rM0Caqr2L_iAXbNNm9dumexHzkpBAmQqjvJ3Ed9aT6jEHSGy4WyEjAo3wAA_A_.htm/data/index.js, line 212: TypeError: self.logo is undefined
1582140981698	Marionette	INFO	Stopped listening on port 51388
1582141063238	mozrunner::runner	INFO	Running command: "C:\\Program Files\\Mozilla Firefox\\firefox.exe" "-marionette" "-foreground" "-no-remote" "-profile" "C:\\Users\\6A7A~1\\AppData\\Local\\Temp\\rust_mozprofile5vVhMY"
1582141063696	addons.webextension.doh-rollout@mozilla.org	WARN	Loading extension 'doh-rollout@mozilla.org': Reading manifest: Invalid extension permission: networkStatus
1582141064325	addons.webextension.screenshots@mozilla.org	WARN	Loading extension 'screenshots@mozilla.org': Reading manifest: Invalid extension permission: mozillaAddons
1582141064325	addons.webextension.screenshots@mozilla.org	WARN	Loading extension 'screenshots@mozilla.org': Reading manifest: Invalid extension permission: telemetry
1582141064326	addons.webextension.screenshots@mozilla.org	WARN	Loading extension 'screenshots@mozilla.org': Reading manifest: Invalid extension permission: resource://pdf.js/
1582141064326	addons.webextension.screenshots@mozilla.org	WARN	Loading extension 'screenshots@mozilla.org': Reading manifest: Invalid extension permission: about:reader*
JavaScript error: resource://gre/modules/XULStore.jsm, line 66: Error: Can't find profile directory.
1582141066049	Marionette	INFO	Listening on port 49327
1582141068282	Marionette	WARN	TLS certificate errors will be ignored for this session
JavaScript warning: https://yastatic.net/jquery/1.10.1/jquery.min.js, line 2: Using //@ to indicate sourceMappingURL pragmas is deprecated. Use //# instead
JavaScript error: https://awaps.yandex.net/0/c1/tVK-Oiz0m0j0DyMciZzbM9j50+pR89QKZBcqbucYAt4OCD8hUpasOd3CJ8S1t_tWiD-Cy7QtTzuP0RaZMw6IQCDcGdEkVUnFixdumf0JP27pEKVKI+CVcix850O_t4GkE38tp2+wS13eKfkcNGNLtMvBMcPSorYsWyev6ovvUcVVRGajRpWf3fYFW_td3trFZ38PMa9usiehMtIdbs7wFXQeS-y7WGMbCg4q3kMD8Jml4a3uWCHEzc9_tAIwaiMudINhEAoxL2LVDqDRtIB1ZXa4KQOKnfmI41OmLFSahvIl+qiC+WLGv_tEPnmMqUdY3J4vZYJRF+499KiVQNwkkzYq7lQ4kRSA3qjhWiOoxGthWqXAvVw_ivCSfw0HA4mKIfOJPPFeg406fDxNxd723cMlDbJGKKAIuFwAA_A_.htm/data/index.js, line 212: TypeError: self.logo is undefined
JavaScript error: https://awaps.yandex.net/0/c1/tVK-Oiz0m0j0DyMciZzbM9j50+pR89QKZBcqbucYAt4OCD8hUpasOd3CJ8S1t_tWiD-Cy7QtTzuP0RaZMw6IQCDcGdEkVUnFixdumf0JP27pEKVKI+CVcix850O_t4GkE38tp2+wS13eKfkcNGNLtMvBMcPSorYsWyev6ovvUcVVRGajRpWf3fYFW_td3trFZ38PMa9usiehMtIdbs7wFXQeS-y7WGMbCg4q3kMD8Jml4a3uWCHEzc9_tAIwaiMudINhEAoxL2LVDqDRtIB1ZXa4KQOKnfmI41OmLFSahvIl+qiC+WLGv_tEPnmMqUdY3J4vZYJRF+499KiVQNwkkzYq7lQ4kRSA3qjhWiOoxGthWqXAvVw_ivCSfw0HA4mKIfOJPPFeg406fDxNxd723cMlDbJGKKAIuFwAA_A_.htm/data/index.js, line 212: TypeError: self.logo is undefined
JavaScript error: https://awaps.yandex.net/0/c1/tVK-Oiz0m0j0DyMciZzbM9j50+pR89QKZBcqbucYAt4OCD8hUpasOd3CJ8S1t_tWiD-Cy7QtTzuP0RaZMw6IQCDcGdEkVUnFixdumf0JP27pEKVKI+CVcix850O_t4GkE38tp2+wS13eKfkcNGNLtMvBMcPSorYsWyev6ovvUcVVRGajRpWf3fYFW_td3trFZ38PMa9usiehMtIdbs7wFXQeS-y7WGMbCg4q3kMD8Jml4a3uWCHEzc9_tAIwaiMudINhEAoxL2LVDqDRtIB1ZXa4KQOKnfmI41OmLFSahvIl+qiC+WLGv_tEPnmMqUdY3J4vZYJRF+499KiVQNwkkzYq7lQ4kRSA3qjhWiOoxGthWqXAvVw_ivCSfw0HA4mKIfOJPPFeg406fDxNxd723cMlDbJGKKAIuFwAA_A_.htm/data/index.js, line 212: TypeError: self.logo is undefined
JavaScript error: https://awaps.yandex.net/0/c1/tVK-Oiz0m0j0DyMciZzbM9j50+pR89QKZBcqbucYAt4OCD8hUpasOd3CJ8S1t_tWiD-Cy7QtTzuP0RaZMw6IQCDcGdEkVUnFixdumf0JP27pEKVKI+CVcix850O_t4GkE38tp2+wS13eKfkcNGNLtMvBMcPSorYsWyev6ovvUcVVRGajRpWf3fYFW_td3trFZ38PMa9usiehMtIdbs7wFXQeS-y7WGMbCg4q3kMD8Jml4a3uWCHEzc9_tAIwaiMudINhEAoxL2LVDqDRtIB1ZXa4KQOKnfmI41OmLFSahvIl+qiC+WLGv_tEPnmMqUdY3J4vZYJRF+499KiVQNwkkzYq7lQ4kRSA3qjhWiOoxGthWqXAvVw_ivCSfw0HA4mKIfOJPPFeg406fDxNxd723cMlDbJGKKAIuFwAA_A_.htm/data/index.js, line 212: TypeError: self.logo is undefined
JavaScript error: https://awaps.yandex.net/0/c1/tVK-Oiz0m0j0DyMciZzbM9j50+pR89QKZBcqbucYAt4OCD8hUpasOd3CJ8S1t_tWiD-Cy7QtTzuP0RaZMw6IQCDcGdEkVUnFixdumf0JP27pEKVKI+CVcix850O_t4GkE38tp2+wS13eKfkcNGNLtMvBMcPSorYsWyev6ovvUcVVRGajRpWf3fYFW_td3trFZ38PMa9usiehMtIdbs7wFXQeS-y7WGMbCg4q3kMD8Jml4a3uWCHEzc9_tAIwaiMudINhEAoxL2LVDqDRtIB1ZXa4KQOKnfmI41OmLFSahvIl+qiC+WLGv_tEPnmMqUdY3J4vZYJRF+499KiVQNwkkzYq7lQ4kRSA3qjhWiOoxGthWqXAvVw_ivCSfw0HA4mKIfOJPPFeg406fDxNxd723cMlDbJGKKAIuFwAA_A_.htm/data/index.js, line 212: TypeError: self.logo is undefined
JavaScript error: https://awaps.yandex.net/0/c1/tVK-Oiz0m0j0DyMciZzbM9j50+pR89QKZBcqbucYAt4OCD8hUpasOd3CJ8S1t_tWiD-Cy7QtTzuP0RaZMw6IQCDcGdEkVUnFixdumf0JP27pEKVKI+CVcix850O_t4GkE38tp2+wS13eKfkcNGNLtMvBMcPSorYsWyev6ovvUcVVRGajRpWf3fYFW_td3trFZ38PMa9usiehMtIdbs7wFXQeS-y7WGMbCg4q3kMD8Jml4a3uWCHEzc9_tAIwaiMudINhEAoxL2LVDqDRtIB1ZXa4KQOKnfmI41OmLFSahvIl+qiC+WLGv_tEPnmMqUdY3J4vZYJRF+499KiVQNwkkzYq7lQ4kRSA3qjhWiOoxGthWqXAvVw_ivCSfw0HA4mKIfOJPPFeg406fDxNxd723cMlDbJGKKAIuFwAA_A_.htm/data/index.js, line 212: TypeError: self.logo is undefined
1582141148613	mozrunner::runner	INFO	Running command: "C:\\Program Files\\Mozilla Firefox\\firefox.exe" "-marionette" "-foreground" "-no-remote" "-profile" "C:\\Users\\6A7A~1\\AppData\\Local\\Temp\\rust_mozprofileyxgom7"
1582141149049	addons.webextension.doh-rollout@mozilla.org	WARN	Loading extension 'doh-rollout@mozilla.org': Reading manifest: Invalid extension permission: networkStatus
1582141149637	addons.webextension.screenshots@mozilla.org	WARN	Loading extension 'screenshots@mozilla.org': Reading manifest: Invalid extension permission: mozillaAddons
1582141149638	addons.webextension.screenshots@mozilla.org	WARN	Loading extension 'screenshots@mozilla.org': Reading manifest: Invalid extension permission: telemetry
1582141149638	addons.webextension.screenshots@mozilla.org	WARN	Loading extension 'screenshots@mozilla.org': Reading manifest: Invalid extension permission: resource://pdf.js/
1582141149638	addons.webextension.screenshots@mozilla.org	WARN	Loading extension 'screenshots@mozilla.org': Reading manifest: Invalid extension permission: about:reader*
JavaScript error: resource://gre/modules/XULStore.jsm, line 66: Error: Can't find profile directory.
1582141151098	Marionette	INFO	Listening on port 49615
1582141151328	Marionette	WARN	TLS certificate errors will be ignored for this session
JavaScript warning: https://yastatic.net/jquery/1.10.1/jquery.min.js, line 2: Using //@ to indicate sourceMappingURL pragmas is deprecated. Use //# instead
JavaScript error: resource://gre/actors/AutoCompleteChild.jsm, line 196: Error: Invalid autocomplete selectedIndex
1582141454518	mozrunner::runner	INFO	Running command: "C:\\Program Files\\Mozilla Firefox\\firefox.exe" "-marionette" "-foreground" "-no-remote" "-profile" "C:\\Users\\6A7A~1\\AppData\\Local\\Temp\\rust_mozprofileCvh28S"
1582141455603	addons.webextension.doh-rollout@mozilla.org	WARN	Loading extension 'doh-rollout@mozilla.org': Reading manifest: Invalid extension permission: networkStatus
1582141456180	addons.webextension.screenshots@mozilla.org	WARN	Loading extension 'screenshots@mozilla.org': Reading manifest: Invalid extension permission: mozillaAddons
1582141456180	addons.webextension.screenshots@mozilla.org	WARN	Loading extension 'screenshots@mozilla.org': Reading manifest: Invalid extension permission: telemetry
1582141456180	addons.webextension.screenshots@mozilla.org	WARN	Loading extension 'screenshots@mozilla.org': Reading manifest: Invalid extension permission: resource://pdf.js/
1582141456180	addons.webextension.screenshots@mozilla.org	WARN	Loading extension 'screenshots@mozilla.org': Reading manifest: Invalid extension permission: about:reader*
JavaScript error: resource://gre/modules/XULStore.jsm, line 66: Error: Can't find profile directory.
1582141457650	Marionette	INFO	Listening on port 50543
1582141457893	Marionette	WARN	TLS certificate errors will be ignored for this session
JavaScript warning: https://yastatic.net/jquery/1.10.1/jquery.min.js, line 2: Using //@ to indicate sourceMappingURL pragmas is deprecated. Use //# instead
1582141535608	Marionette	INFO	Stopped listening on port 50543
ram Files\\Mozilla Firefox\\firefox.exe" "-marionette" "-foreground" "-no-remote" "-profile" "C:\\Users\\6A7A~1\\AppData\\Local\\Temp\\rust_mozprofileNT3dGp"
1582141534293	addons.webextension.doh-rollout@mozilla.org	WARN	Loading extension 'doh-rollout@mozilla.org': Reading manifest: Invalid extension permission: networkStatus
1582141534896	addons.webextension.screenshots@mozilla.org	WARN	Loading extension 'screenshots@mozilla.org': Reading manifest: Invalid extension permission: mozillaAddons
1582141534896	addons.webextension.screenshots@mozilla.org	WARN	Loading extension 'screenshots@mozilla.org': Reading manifest: Invalid extension permission: telemetry
1582141534896	addons.webextension.screenshots@mozilla.org	WARN	Loading extension 'screenshots@mozilla.org': Reading manifest: Invalid extension permission: resource://pdf.js/
1582141534896	addons.webextension.screenshots@mozilla.org	WARN	Loading extension 'screenshots@mozilla.org': Reading manifest: Invalid extension permission: about:reader*
JavaScript error: resource://gre/modules/XULStore.jsm, line 66: Error: Can't find profile directory.
1582141536647	Marionette	INFO	Listening on port 50921
1582141536687	Marionette	WARN	TLS certificate errors will be ignored for this session
JavaScript warning: https://yastatic.net/jquery/1.10.1/jquery.min.js, line 2: Using //@ to indicate sourceMappingURL pragmas is deprecated. Use //# instead
1582141868714	mozrunner::runner	INFO	Running command: "C:\\Program Files\\Mozilla Firefox\\firefox.exe" "-marionette" "-foreground" "-no-remote" "-profile" "C:\\Users\\6A7A~1\\AppData\\Local\\Temp\\rust_mozprofileZJl6Lv"
1582141870036	addons.webextension.doh-rollout@mozilla.org	WARN	Loading extension 'doh-rollout@mozilla.org': Reading manifest: Invalid extension permission: networkStatus
1582141870752	addons.webextension.screenshots@mozilla.org	WARN	Loading extension 'screenshots@mozilla.org': Reading manifest: Invalid extension permission: mozillaAddons
1582141870752	addons.webextension.screenshots@mozilla.org	WARN	Loading extension 'screenshots@mozilla.org': Reading manifest: Invalid extension permission: telemetry
1582141870752	addons.webextension.screenshots@mozilla.org	WARN	Loading extension 'screenshots@mozilla.org': Reading manifest: Invalid extension permission: resource://pdf.js/
1582141870752	addons.webextension.screenshots@mozilla.org	WARN	Loading extension 'screenshots@mozilla.org': Reading manifest: Invalid extension permission: about:reader*
JavaScript error: resource://gre/modules/XULStore.jsm, line 66: Error: Can't find profile directory.
1582141872376	Marionette	INFO	Listening on port 52475
1582141872731	Marionette	WARN	TLS certificate errors will be ignored for this session
JavaScript warning: https://yastatic.net/jquery/1.10.1/jquery.min.js, line 2: Using //@ to indicate sourceMappingURL pragmas is deprecated. Use //# instead
1582142431655	Marionette	INFO	Stopped listening on port 52475
ram Files\\Mozilla Firefox\\firefox.exe" "-marionette" "-foreground" "-no-remote" "-profile" "C:\\Users\\6A7A~1\\AppData\\Local\\Temp\\rust_mozprofileedExIc"
1582142078485	addons.webextension.doh-rollout@mozilla.org	WARN	Loading extension 'doh-rollout@mozilla.org': Reading manifest: Invalid extension permission: networkStatus
1582142079364	addons.webextension.screenshots@mozilla.org	WARN	Loading extension 'screenshots@mozilla.org': Reading manifest: Invalid extension permission: mozillaAddons
1582142079364	addons.webextension.screenshots@mozilla.org	WARN	Loading extension 'screenshots@mozilla.org': Reading manifest: Invalid extension permission: telemetry
1582142079364	addons.webextension.screenshots@mozilla.org	WARN	Loading extension 'screenshots@mozilla.org': Reading manifest: Invalid extension permission: resource://pdf.js/
1582142079364	addons.webextension.screenshots@mozilla.org	WARN	Loading extension 'screenshots@mozilla.org': Reading manifest: Invalid extension permission: about:reader*
JavaScript error: resource://gre/modules/XULStore.jsm, line 66: Error: Can't find profile directory.
1582142081310	Marionette	INFO	Listening on port 53488
1582142082806	Marionette	WARN	TLS certificate errors will be ignored for this session
JavaScript warning: https://yastatic.net/jquery/1.10.1/jquery.min.js, line 2: Using //@ to indicate sourceMappingURL pragmas is deprecated. Use //# instead
1582142103667	Marionette	INFO	Stopped listening on port 53488
1582142426014	mozrunner::runner	INFO	Running command: "C:\\Program Files\\Mozilla Firefox\\firefox.exe" "-marionette" "-foreground" "-no-remote" "-profile" "C:\\Users\\6A7A~1\\AppData\\Local\\Temp\\rust_mozprofileGlrQhG"
1582142427193	addons.webextension.doh-rollout@mozilla.org	WARN	Loading extension 'doh-rollout@mozilla.org': Reading manifest: Invalid extension permission: networkStatus
1582142427727	addons.webextension.screenshots@mozilla.org	WARN	Loading extension 'screenshots@mozilla.org': Reading manifest: Invalid extension permission: mozillaAddons
1582142427727	addons.webextension.screenshots@mozilla.org	WARN	Loading extension 'screenshots@mozilla.org': Reading manifest: Invalid extension permission: telemetry
1582142427727	addons.webextension.screenshots@mozilla.org	WARN	Loading extension 'screenshots@mozilla.org': Reading manifest: Invalid extension permission: resource://pdf.js/
1582142427727	addons.webextension.screenshots@mozilla.org	WARN	Loading extension 'screenshots@mozilla.org': Reading manifest: Invalid extension permission: about:reader*
JavaScript error: resource://gre/modules/XULStore.jsm, line 66: Error: Can't find profile directory.
1582142429563	Marionette	INFO	Listening on port 54522
1582142429830	Marionette	WARN	TLS certificate errors will be ignored for this session
JavaScript warning: https://yastatic.net/jquery/1.10.1/jquery.min.js, line 2: Using //@ to indicate sourceMappingURL pragmas is deprecated. Use //# instead
JavaScript error: https://yastatic.net/jquery/1.10.1/jquery.min.js, line 6: TypeError: 'click' called on an object that does not implement interface HTMLElement.
1582142458444	Marionette	INFO	Stopped listening on port 54522
1582142477358	mozrunner::runner	INFO	Running command: "C:\\Program Files\\Mozilla Firefox\\firefox.exe" "-marionette" "-foreground" "-no-remote" "-profile" "C:\\Users\\6A7A~1\\AppData\\Local\\Temp\\rust_mozprofilesX5aBl"
1582142503475	mozrunner::runner	INFO	Running command: "C:\\Program Files\\Mozilla Firefox\\firefox.exe" "-marionette" "-foreground" "-no-remote" "-profile" "C:\\Users\\6A7A~1\\AppData\\Local\\Temp\\rust_mozprofilexLI93v"
1582142504420	addons.webextension.doh-rollout@mozilla.org	WARN	Loading extension 'doh-rollout@mozilla.org': Reading manifest: Invalid extension permission: networkStatus
1582142505316	addons.webextension.screenshots@mozilla.org	WARN	Loading extension 'screenshots@mozilla.org': Reading manifest: Invalid extension permission: mozillaAddons
1582142505316	addons.webextension.screenshots@mozilla.org	WARN	Loading extension 'screenshots@mozilla.org': Reading manifest: Invalid extension permission: telemetry
1582142505316	addons.webextension.screenshots@mozilla.org	WARN	Loading extension 'screenshots@mozilla.org': Reading manifest: Invalid extension permission: resource://pdf.js/
1582142505316	addons.webextension.screenshots@mozilla.org	WARN	Loading extension 'screenshots@mozilla.org': Reading manifest: Invalid extension permission: about:reader*
JavaScript error: resource://gre/modules/XULStore.jsm, line 66: Error: Can't find profile directory.
1582142506975	Marionette	INFO	Listening on port 54828
1582142507320	Marionette	WARN	TLS certificate errors will be ignored for this session
JavaScript warning: https://yastatic.net/jquery/1.10.1/jquery.min.js, line 2: Using //@ to indicate sourceMappingURL pragmas is deprecated. Use //# instead
1582142572050	Marionette	INFO	Stopped listening on port 54828
ram Files\\Mozilla Firefox\\firefox.exe" "-marionette" "-foreground" "-no-remote" "-profile" "C:\\Users\\6A7A~1\\AppData\\Local\\Temp\\rust_mozprofileys2HrK"
1582142547509	addons.webextension.doh-rollout@mozilla.org	WARN	Loading extension 'doh-rollout@mozilla.org': Reading manifest: Invalid extension permission: networkStatus
1582142548061	addons.webextension.screenshots@mozilla.org	WARN	Loading extension 'screenshots@mozilla.org': Reading manifest: Invalid extension permission: mozillaAddons
1582142548061	addons.webextension.screenshots@mozilla.org	WARN	Loading extension 'screenshots@mozilla.org': Reading manifest: Invalid extension permission: telemetry
1582142548062	addons.webextension.screenshots@mozilla.org	WARN	Loading extension 'screenshots@mozilla.org': Reading manifest: Invalid extension permission: resource://pdf.js/
1582142548062	addons.webextension.screenshots@mozilla.org	WARN	Loading extension 'screenshots@mozilla.org': Reading manifest: Invalid extension permission: about:reader*
JavaScript error: resource://gre/modules/XULStore.jsm, line 66: Error: Can't find profile directory.
1582142549755	Marionette	INFO	Listening on port 55027
1582142549862	Marionette	WARN	TLS certificate errors will be ignored for this session
JavaScript warning: https://yastatic.net/jquery/1.10.1/jquery.min.js, line 2: Using //@ to indicate sourceMappingURL pragmas is deprecated. Use //# instead
IPDL protocol error: Handler returned error code!

###!!! [Parent][DispatchAsyncMessage] Error: PLayerTransaction::Msg_ReleaseLayer Processing error: message was deserialized, but the handler returned false (indicating 1582142573781582142575192	Marionette	INFO	Stopped listening on port 55027
nsion 'doh-rollout@mozilla.org': Reading manifest: Invalid extension permission: networkStatus
1582142575404	addons.webextension.screenshots@mozilla.org	WARN	Loading extension 'screenshots@mozilla.org': Reading manifest: Invalid extension permission: mozillaAddons
1582142575404	addons.webextension.screenshots@mozilla.org	WARN	Loading extension 'screenshots@mozilla.org': Reading manifest: Invalid extension permission: telemetry
1582142575404	addons.webextension.screenshots@mozilla.org	WARN	Loading extension 'screenshots@mozilla.org': Reading manifest: Invalid extension permission: resource://pdf.js/
1582142575404	addons.webextension.screenshots@mozilla.org	WARN	Loading extension 'screenshots@mozilla.org': Reading manifest: Invalid extension permission: about:reader*
JavaScript error: resource://gre/modules/XULStore.jsm, line 66: Error: Can't find profile directory.
1582142577153	Marionette	INFO	Listening on port 55207
1582142577535	Marionette	WARN	TLS certificate errors will be ignored for this session
JavaScript warning: https://yastatic.net/jquery/1.10.1/jquery.min.js, line 2: Using //@ to indicate sourceMappingURL pragmas is deprecated. Use //# instead
1582142722358	Marionette	INFO	Stopped listening on port 55207
ram Files\\Mozilla Firefox\\firefox.exe" "-marionette" "-foreground" "-no-remote" "-profile" "C:\\Users\\6A7A~1\\AppData\\Local\\Temp\\rust_mozprofilepTaweD"
1582142721280	addons.webextension.doh-rollout@mozilla.org	WARN	Loading extension 'doh-rollout@mozilla.org': Reading manifest: Invalid extension permission: networkStatus
1582142723296	addons.webextension.screenshots@mozilla.org	WARN	Loading extension 'screenshots@mozilla.org': Reading manifest: Invalid extension permission: mozillaAddons
1582142723296	addons.webextension.screenshots@mozilla.org	WARN	Loading extension 'screenshots@mozilla.org': Reading manifest: Invalid extension permission: telemetry
1582142723296	addons.webextension.screenshots@mozilla.org	WARN	Loading extension 'screenshots@mozilla.org': Reading manifest: Invalid extension permission: resource://pdf.js/
1582142723296	addons.webextension.screenshots@mozilla.org	WARN	Loading extension 'screenshots@mozilla.org': Reading manifest: Invalid extension permission: about:reader*
JavaScript error: resource://gre/modules/XULStore.jsm, line 66: Error: Can't find profile directory.
1582142724968	Marionette	INFO	Listening on port 55671
1582142725290	Marionette	WARN	TLS certificate errors will be ignored for this session
JavaScript warning: https://yastatic.net/jquery/1.10.1/jquery.min.js, line 2: Using //@ to indicate sourceMappingURL pragmas is deprecated. Use //# instead
1582142753047	Marionette	INFO	Stopped listening on port 55671
ram Files\\Mozilla Firefox\\firefox.exe" "-marionette" "-foreground" "-no-remote" "-profile" "C:\\Users\\6A7A~1\\AppData\\Local\\Temp\\rust_mozprofilehNczcQ"
1582142748236	addons.webextension.doh-rollout@mozilla.org	WARN	Loading extension 'doh-rollout@mozilla.org': Reading manifest: Invalid extension permission: networkStatus
1582142748931	addons.webextension.screenshots@mozilla.org	WARN	Loading extension 'screenshots@mozilla.org': Reading manifest: Invalid extension permission: mozillaAddons
1582142748931	addons.webextension.screenshots@mozilla.org	WARN	Loading extension 'screenshots@mozilla.org': Reading manifest: Invalid extension permission: telemetry
1582142748931	addons.webextension.screenshots@mozilla.org	WARN	Loading extension 'screenshots@mozilla.org': Reading manifest: Invalid extension permission: resource://pdf.js/
1582142748931	addons.webextension.screenshots@mozilla.org	WARN	Loading extension 'screenshots@mozilla.org': Reading manifest: Invalid extension permission: about:reader*
JavaScript error: resource://gre/modules/XULStore.jsm, line 66: Error: Can't find profile directory.
1582142750730	Marionette	INFO	Listening on port 55830
1582142751036	Marionette	WARN	TLS certificate errors will be ignored for this session
JavaScript warning: https://yastatic.net/jquery/1.10.1/jquery.min.js, line 2: Using //@ to indicate sourceMappingURL pragmas is deprecated. Use //# instead
1582142781784	Marionette	INFO	Stopped listening on port 55830
1582143014650	mozrunner::runner	INFO	Running command: "C:\\Program Files\\Mozilla Firefox\\firefox.exe" "-marionette" "-foreground" "-no-remote" "-profile" "C:\\Users\\6A7A~1\\AppData\\Local\\Temp\\rust_mozprofileRmi4Fm"
1582143015202	addons.webextension.doh-rollout@mozilla.org	WARN	Loading extension 'doh-rollout@mozilla.org': Reading manifest: Invalid extension permission: networkStatus
1582143015842	addons.webextension.screenshots@mozilla.org	WARN	Loading extension 'screenshots@mozilla.org': Reading manifest: Invalid extension permission: mozillaAddons
1582143015842	addons.webextension.screenshots@mozilla.org	WARN	Loading extension 'screenshots@mozilla.org': Reading manifest: Invalid extension permission: telemetry
1582143015843	addons.webextension.screenshots@mozilla.org	WARN	Loading extension 'screenshots@mozilla.org': Reading manifest: Invalid extension permission: resource://pdf.js/
1582143015843	addons.webextension.screenshots@mozilla.org	WARN	Loading extension 'screenshots@mozilla.org': Reading manifest: Invalid extension permission: about:reader*
JavaScript error: resource://gre/modules/XULStore.jsm, line 66: Error: Can't find profile directory.
1582143017538	Marionette	INFO	Listening on port 56559
1582143018860	Marionette	WARN	TLS certificate errors will be ignored for this session
JavaScript warning: https://yastatic.net/jquery/1.10.1/jquery.min.js, line 2: Using //@ to indicate sourceMappingURL pragmas is deprecated. Use //# instead
1582143765700	mozrunner::runner	INFO	Running command: "C:\\Program Files\\Mozilla Firefox\\firefox.exe" "-marionette" "-foreground" "-no-remote" "-profile" "C:\\Users\\6A7A~1\\AppData\\Local\\Temp\\rust_mozprofileVjpqRp"
1582143766972	addons.webextension.doh-rollout@mozilla.org	WARN	Loading extension 'doh-rollout@mozilla.org': Reading manifest: Invalid extension permission: networkStatus
1582143767797	addons.webextension.screenshots@mozilla.org	WARN	Loading extension 'screenshots@mozilla.org': Reading manifest: Invalid extension permission: mozillaAddons
1582143767797	addons.webextension.screenshots@mozilla.org	WARN	Loading extension 'screenshots@mozilla.org': Reading manifest: Invalid extension permission: telemetry
1582143767797	addons.webextension.screenshots@mozilla.org	WARN	Loading extension 'screenshots@mozilla.org': Reading manifest: Invalid extension permission: resource://pdf.js/
1582143767798	addons.webextension.screenshots@mozilla.org	WARN	Loading extension 'screenshots@mozilla.org': Reading manifest: Invalid extension permission: about:reader*
JavaScript error: resource://gre/modules/XULStore.jsm, line 66: Error: Can't find profile directory.
1582143769754	Marionette	INFO	Listening on port 59213
1582143770764	Marionette	WARN	TLS certificate errors will be ignored for this session
JavaScript warning: https://yastatic.net/jquery/1.10.1/jquery.min.js, line 2: Using //@ to indicate sourceMappingURL pragmas is deprecated. Use //# instead
1582143885334	mozrunner::runner	INFO	Running command: "C:\\Program Files\\Mozilla Firefox\\firefox.exe" "-marionette" "-foreground" "-no-remote" "-profile" "C:\\Users\\6A7A~1\\AppData\\Loc1582143885433	Marionette	INFO	Sto1582143887064	addons.webextension.doh-rollout@mozilla.org	WARN	Loading extension 'doh-rollout@mozilla.org': Reading manifest: Invalid extension permission: networkStatus
1582143887612	addons.webextension.screenshots@mozilla.org	WARN	Loading extension 'screenshots@mozilla.org': Reading manifest: Invalid extension permission: mozillaAddons
1582143887612	addons.webextension.screenshots@mozilla.org	WARN	Loading extension 'screenshots@mozilla.org': Reading manifest: Invalid extension permission: telemetry
1582143887612	addons.webextension.screenshots@mozilla.org	WARN	Loading extension 'screenshots@mozilla.org': Reading manifest: Invalid extension permission: resource://pdf.js/
1582143887612	addons.webextension.screenshots@mozilla.org	WARN	Loading extension 'screenshots@mozilla.org': Reading manifest: Invalid extension permission: about:reader*
JavaScript error: resource://gre/modules/XULStore.jsm, line 66: Error: Can't find profile directory.
1582143889356	Marionette	INFO	Listening on port 59891
1582143889778	Marionette	WARN	TLS certificate errors will be ignored for this session
JavaScript warning: https://yastatic.net/jquery/1.10.1/jquery.min.js, line 2: Using //@ to indicate sourceMappingURL pragmas is deprecated. Use //# instead
1582144017708	mozrunner::runner	INFO	Running command: "C:\\Program Files\\Mozilla Firefox\\firefox.exe" "-marionette" "-foreground" "-no-remote" "-profile" "C:\\Users\\6A7A~1\\AppData\\Local\\Temp\\rust_mozprofilezhI7E7"
1582144019126	addons.webextension.doh-rollout@mozilla.org	WARN	Loading extension 'doh-rollout@mozilla.org': Reading manifest: Invalid extension permission: networkStatus
1582144019760	addons.webextension.screenshots@mozilla.org	WARN	Loading extension 'screenshots@mozilla.org': Reading manifest: Invalid extension permission: mozillaAddons
1582144019760	addons.webextension.screenshots@mozilla.org	WARN	Loading extension 'screenshots@mozilla.org': Reading manifest: Invalid extension permission: telemetry
1582144019761	addons.webextension.screenshots@mozilla.org	WARN	Loading extension 'screenshots@mozilla.org': Reading manifest: Invalid extension permission: resource://pdf.js/
1582144019761	addons.webextension.screenshots@mozilla.org	WARN	Loading extension 'screenshots@mozilla.org': Reading manifest: Invalid extension permission: about:reader*
JavaScript error: resource://gre/modules/XULStore.jsm, line 66: Error: Can't find profile directory.
1582144021276	Marionette	INFO	Listening on port 60403
1582144021603	Marionette	WARN	TLS certificate errors will be ignored for this session
JavaScript warning: https://yastatic.net/jquery/1.10.1/jquery.min.js, line 2: Using //@ to indicate sourceMappingURL pragmas is deprecated. Use //# instead
1582144047493	Marionette	INFO	Stopped listening on port 60403
ram Files\\Mozilla Firefox\\firefox.exe" "-marionette" "-foreground" "-no-remote" "-profile" "C:\\Users\\6A7A~1\\AppData\\Local\\Temp\\rust_mozprofileGveve5"
1582144048528	addons.webextension.doh-rollout@mozilla.org	WARN	Loading extension 'doh-rollout@mozilla.org': Reading manifest: Invalid extension permission: networkStatus
1582144049194	addons.webextension.screenshots@mozilla.org	WARN	Loading extension 'screenshots@mozilla.org': Reading manifest: Invalid extension permission: mozillaAddons
1582144049194	addons.webextension.screenshots@mozilla.org	WARN	Loading extension 'screenshots@mozilla.org': Reading manifest: Invalid extension permission: telemetry
1582144049194	addons.webextension.screenshots@mozilla.org	WARN	Loading extension 'screenshots@mozilla.org': Reading manifest: Invalid extension permission: resource://pdf.js/
1582144049194	addons.webextension.screenshots@mozilla.org	WARN	Loading extension 'screenshots@mozilla.org': Reading manifest: Invalid extension permission: about:reader*
JavaScript error: resource://gre/modules/XULStore.jsm, line 66: Error: Can't find profile directory.
1582144050612	Marionette	INFO	Listening on port 60608
1582144050907	Marionette	WARN	TLS certificate errors will be ignored for this session
JavaScript warning: https://yastatic.net/jquery/1.10.1/jquery.min.js, line 2: Using //@ to indicate sourceMappingURL pragmas is deprecated. Use //# instead
1582144124052	Marionette	INFO	Stopped listening on port 60608
ram Files\\Mozilla Firefox\\firefox.exe" "-marionette" "-foreground" "-no-remote" "-profile" "C:\\Users\\6A7A~1\\AppData\\Local\\Temp\\rust_mozprofilemal1Pj"
1582144078503	addons.webextension.doh-rollout@mozilla.org	WARN	Loading extension 'doh-rollout@mozilla.org': Reading manifest: Invalid extension permission: networkStatus
1582144079365	addons.webextension.screenshots@mozilla.org	WARN	Loading extension 'screenshots@mozilla.org': Reading manifest: Invalid extension permission: mozillaAddons
1582144079365	addons.webextension.screenshots@mozilla.org	WARN	Loading extension 'screenshots@mozilla.org': Reading manifest: Invalid extension permission: telemetry
1582144079365	addons.webextension.screenshots@mozilla.org	WARN	Loading extension 'screenshots@mozilla.org': Reading manifest: Invalid extension permission: resource://pdf.js/
1582144079365	addons.webextension.screenshots@mozilla.org	WARN	Loading extension 'screenshots@mozilla.org': Reading manifest: Invalid extension permission: about:reader*
JavaScript error: resource://gre/modules/XULStore.jsm, line 66: Error: Can't find profile directory.
1582144081175	Marionette	INFO	Listening on port 60811
1582144081280	Marionette	WARN	TLS certificate errors will be ignored for this session
JavaScript warning: https://yastatic.net/jquery/1.10.1/jquery.min.js, line 2: Using //@ to indicate sourceMappingURL pragmas is deprecated. Use //# instead
JavaScript error: https://awaps.yandex.net/0/c1/tVK-Oiz0m0j0DyMciZzbM9j50+pR89QKZBcqbucYAt4OCD8hUpasOd3CJ8S1t_tWiD-Cy7QtTzuP0RaZMw6IQCDcGdEkVUnFixdumf0JP27pEKVKI+CVcix850O_t4GkE38tp2+wS13eKfkcNGNLtMvBMcPSorYsWyev6ovvUcVVRGajRpWf3fYFW_td3trFZ38PMa9usiehMtIdbs7wFXQeS-y7WGMbCg4q3kMD8Jml4a3uWCHEzc9_tAIwaiPOqY8ygjz4RzzWFDt3oX7lgjBN-g0z-qLLdIxYAWspPDKeCEtUV5BqH_tXX-DKjYFEFGSE5civ3mxZFxN226yzu-6xdH71BnWppMMNhvD7YzDB4rBoVaE_isou8eT5I4h8qTKssQxOZxNtO-kbEskAKe2Fn3anah2AeiQAA_A_.htm/data/index.js, line 212: TypeError: self.logo is undefined
1582144120808	mozrunner::runner	INFO	Running command: "C:\\Program Files\\Mozilla Firefox\\firefox.exe" "-marionette" "-foreground" "-no-remote" "-profile" "C:\\Users\\6A7A~1\\AppData\\Local\\Temp\\rust_mozprofile17HsfK"
1582144122365	addons.webextension.doh-rollout@mozilla.org	WARN	Loading extension 'doh-rollout@mozilla.org': Reading manifest: Invalid extension permission: networkStatus
1582144124402	addons.webextension.screenshots@mozilla.org	WARN	Loading extension 'screenshots@mozilla.org': Reading manifest: Invalid extension permission: mozillaAddons
1582144124402	addons.webextension.screenshots@mozilla.org	WARN	Loading extension 'screenshots@mozilla.org': Reading manifest: Invalid extension permission: telemetry
1582144124402	addons.webextension.screenshots@mozilla.org	WARN	Loading extension 'screenshots@mozilla.org': Reading manifest: Invalid extension permission: resource://pdf.js/
1582144124402	addons.webextension.screenshots@mozilla.org	WARN	Loading extension 'screenshots@mozilla.org': Reading manifest: Invalid extension permission: about:reader*
JavaScript error: resource://gre/modules/XULStore.jsm, line 66: Error: Can't find profile directory.
1582144126306	Marionette	INFO	Listening on port 61033
1582144126419	Marionette	WARN	TLS certificate errors will be ignored for this session
JavaScript warning: https://yastatic.net/jquery/1.10.1/jquery.min.js, line 2: Using //@ to indicate sourceMappingURL pragmas is deprecated. Use //# instead
1582144184045	mozrunner::runner	INFO	Running command: "C:\\Program Files\\Mozilla Firefox\\firefox.exe" "-marionette" "-foreground" "-no-remote" "-profile" "C:\\Users\\6A7A~1\\AppData\\Local\\Temp\\rust_mozprofilexUNFNj"
1582144185653	addons.webextension.doh-rollout@mozilla.org	WARN	Loading extension 'doh-rollout@mozilla.org': Reading manifest: Invalid extension permission: networkStatus
1582144186363	addons.webextension.screenshots@mozilla.org	WARN	Loading extension 'screenshots@mozilla.org': Reading manifest: Invalid extension permission: mozillaAddons
1582144186363	addons.webextension.screenshots@mozilla.org	WARN	Loading extension 'screenshots@mozilla.org': Reading manifest: Invalid extension permission: telemetry
1582144186364	addons.webextension.screenshots@mozilla.org	WARN	Loading extension 'screenshots@mozilla.org': Reading manifest: Invalid extension permission: resource://pdf.js/
1582144186364	addons.webextension.screenshots@mozilla.org	WARN	Loading extension 'screenshots@mozilla.org': Reading manifest: Invalid extension permission: about:reader*
JavaScript error: resource://gre/modules/XULStore.jsm, line 66: Error: Can't find profile directory.
1582144188615	Marionette	INFO	Listening on port 61267
1582144188991	Marionette	WARN	TLS certificate errors will be ignored for this session
JavaScript warning: https://yastatic.net/jquery/1.10.1/jquery.min.js, line 2: Using //@ to indicate sourceMappingURL pragmas is deprecated. Use //# instead
1582144227992	mozrunner::runner	INFO	Running command: "C:\\Program Files\\Mozilla Firefox\\firefox.exe" "-marionette" "-foreground" "-no-remote" "-profile" "C:\\Users\\6A7A~1\\AppData\\Local\\Temp\\rust_mozprofilennpp2p"
1582144228782	addons.webextension.doh-rollout@mozilla.org	WARN	Loading extension 'doh-rollout@mozilla.org': Reading manifest: Invalid extension permission: networkStatus
1582144229597	addons.webextension.screenshots@mozilla.org	WARN	Loading extension 'screenshots@mozilla.org': Reading manifest: Invalid extension permission: mozillaAddons
1582144229597	addons.webextension.screenshots@mozilla.org	WARN	Loading extension 'screenshots@mozilla.org': Reading manifest: Invalid extension permission: telemetry
1582144229597	addons.webextension.screenshots@mozilla.org	WARN	Loading extension 'screenshots@mozilla.org': Reading manifest: Invalid extension permission: resource://pdf.js/
1582144229597	addons.webextension.screenshots@mozilla.org	WARN	Loading extension 'screenshots@mozilla.org': Reading manifest: Invalid extension permission: about:reader*
JavaScript error: resource://gre/modules/XULStore.jsm, line 66: Error: Can't find profile directory.
1582144231233	Marionette	INFO	Listening on port 61528
1582144231274	Marionette	WARN	TLS certificate errors will be ignored for this session
JavaScript warning: https://yastatic.net/jquery/1.10.1/jquery.min.js, line 2: Using //@ to indicate sourceMappingURL pragmas is deprecated. Use //# instead
1582144295310	mozrunner::runner	INFO	Running command: "C:\\Program Files\\Mozilla Firefox\\firefox.exe" "-marionette" "-foreground" "-no-remote" "-profile" "C:\\Users\\6A7A~1\\AppData\\Local\\Temp\\rust_mozprofileCzAr7W"
1582144296533	addons.webextension.doh-rollout@mozilla.org	WARN	Loading extension 'doh-rollout@mozilla.org': Reading manifest: Invalid extension permission: networkStatus
1582144297198	addons.webextension.screenshots@mozilla.org	WARN	Loading extension 'screenshots@mozilla.org': Reading manifest: Invalid extension permission: mozillaAddons
1582144297198	addons.webextension.screenshots@mozilla.org	WARN	Loading extension 'screenshots@mozilla.org': Reading manifest: Invalid extension permission: telemetry
1582144297198	addons.webextension.screenshots@mozilla.org	WARN	Loading extension 'screenshots@mozilla.org': Reading manifest: Invalid extension permission: resource://pdf.js/
1582144297198	addons.webextension.screenshots@mozilla.org	WARN	Loading extension 'screenshots@mozilla.org': Reading manifest: Invalid extension permission: about:reader*
JavaScript error: resource://gre/modules/XULStore.jsm, line 66: Error: Can't find profile directory.
1582144298872	Marionette	INFO	Listening on port 61780
1582144300195	Marionette	WARN	TLS certificate errors will be ignored for this session
JavaScript warning: https://yastatic.net/jquery/1.10.1/jquery.min.js, line 2: Using //@ to indicate sourceMappingURL pragmas is deprecated. Use //# instead
JavaScript error: https://awaps.yandex.net/0/c1/tVK-Oiz0m0j0DyMciZzbM9j50+pR89QKZBcqbucYAt4OCD8hUpasOd3CJ8S1t_tWiD-Cy7QtTzuP0RaZMw6IQCDcGdEkVUnFixdumf0JP27pEKVKI+CVcix850O_t4GkE38tp2+wS13eKfkcNGNLtMvBMcPSorYsWyev6ovvUcVVRGajRpWf3fYFW_td3trFZ38PMa9usiehMtIdbs7wFXQeS-y7WGMbCg4q3kMD8Jml4a3uWCHEzc9_tAIwaiFVkk4fhDfYNnCf0l1TTCFI0u9sjIJNeLFd5O1hTY0eZwY0+Hvlc2iD4_t6iMGrzFFwlPFr+AFrsj0AGB3aUtzADEcmj732QszKqZIFn6LU+8rppRJa9YI_im32TMFZAYl06sHPnAnzcvlVABoU61I5AnJiEn8h21lkhawAA_A_.htm/data/index.js, line 212: TypeError: self.logo is undefined
1582144341287	mozrunner::runner	INFO	Running command: "C:\\Program Files\\Mozilla Firefox\\firefox.exe" "-marionette" "-foreground" "-no-remote" "-profile" "C:\\Users\\6A7A~1\\AppData\\Local\\Temp\\rust_mozprofilecMTfuX"
1582144342784	addons.webextension.doh-rollout@mozilla.org	WARN	Loading extension 'doh-rollout@mozilla.org': Reading manifest: Invalid extension permission: networkStatus
1582144343439	addons.webextension.screenshots@mozilla.org	WARN	Loading extension 'screenshots@mozilla.org': Reading manifest: Invalid extension permission: mozillaAddons
1582144343439	addons.webextension.screenshots@mozilla.org	WARN	Loading extension 'screenshots@mozilla.org': Reading manifest: Invalid extension permission: telemetry
1582144343439	addons.webextension.screenshots@mozilla.org	WARN	Loading extension 'screenshots@mozilla.org': Reading manifest: Invalid extension permission: resource://pdf.js/
1582144343440	addons.webextension.screenshots@mozilla.org	WARN	Loading extension 'screenshots@mozilla.org': Reading manifest: Invalid extension permission: about:reader*
JavaScript error: resource://gre/modules/XULStore.jsm, line 66: Error: Can't find profile directory.
1582144345064	Marionette	INFO	Listening on port 61972
1582144345200	Marionette	WARN	TLS certificate errors will be ignored for this session
JavaScript warning: https://yastatic.net/jquery/1.10.1/jquery.min.js, line 2: Using //@ to indicate sourceMappingURL pragmas is deprecated. Use //# instead
JavaScript error: https://awaps.yandex.net/0/c1/tVK-Oiz0m0j0DyMciZzbM9j50+pR89QKZBcqbucYAt4OCD8hUpasOd3CJ8S1t_tWiD-Cy7QtTzuP0RaZMw6IQCDcGdEkVUnFixdumf0JP27pEKVKI+CVcix850O_t4GkE38tp2+wS13eKfkcNGNLtMvBMcPSorYsWyev6ovvUcVVRGajRpWf3fYFW_td3trFZ38PMa9usiehMtIdbs7wFXQeS-y7WGMbCg4q3kMD8Jml4a3uWCHEzc9_tAIwaiKSc-3D4CTkhQ0KvDY+FQR8tIoiYaePyP5XwCU4y4K+snwFY6a0W8Z7w_tR-bBdkC7-qunSf7-dMijVMc0vwxezrzu72GUlkPcCuiWz0-Wqr1FErouOSFj_iCE5bheHVsZA1U37OZQpHpeq-uDG6Bgs1Gw1xBiWCp3wThgAA_A_.htm/data/index.js, line 212: TypeError: self.logo is undefined
1582144425343	mozrunner::runner	INFO	Running command: "C:\\Program Files\\Mozilla Firefox\\firefox.exe" "-marionette" "-foreground" "-no-remote" "-profile" "C:\\Users\\6A7A~1\\AppData\\Local\\Temp\\rust_mozprofile3SyfXL"
1582144425988	addons.webextension.doh-rollout@mozilla.org	WARN	Loading extension 'doh-rollout@mozilla.org': Reading manifest: Invalid extension permission: networkStatus
1582144426700	addons.webextension.screenshots@mozilla.org	WARN	Loading extension 'screenshots@mozilla.org': Reading manifest: Invalid extension permission: mozillaAddons
1582144426701	addons.webextension.screenshots@mozilla.org	WARN	Loading extension 'screenshots@mozilla.org': Reading manifest: Invalid extension permission: telemetry
1582144426701	addons.webextension.screenshots@mozilla.org	WARN	Loading extension 'screenshots@mozilla.org': Reading manifest: Invalid extension permission: resource://pdf.js/
1582144426701	addons.webextension.screenshots@mozilla.org	WARN	Loading extension 'screenshots@mozilla.org': Reading manifest: Invalid extension permission: about:reader*
JavaScript error: resource://gre/modules/XULStore.jsm, line 66: Error: Can't find profile directory.
1582144428153	Marionette	INFO	Listening on port 62344
1582144428612	Marionette	WARN	TLS certificate errors will be ignored for this session
JavaScript warning: https://yastatic.net/jquery/1.10.1/jquery.min.js, line 2: Using //@ to indicate sourceMappingURL pragmas is deprecated. Use //# instead
JavaScript error: https://awaps.yandex.net/0/c1/tVK-Oiz0m0j0DyMciZzbM9j50+pR89QKZBcqbucYAt4OCD8hUpasOd3CJ8S1t_tWiD-Cy7QtTzuP0RaZMw6IQCDcGdEkVUnFixdumf0JP27pEKVKI+CVcix850O_t4GkE38tp2+wS13eKfkcNGNLtMvBMcPSorYsWyev6ovvUcVVRGajRpWf3fYFW_td3trFZ38PMa9usiehMtIdbs7wFXQeS-y7WGMbCg4q3kMD8Jml4a3uWCHEzc9_tAIwaiMR+PcqwbG3gCgO6y4cQM65xqyLf2-qUP5MuhePVZJMMx5eOfEPcdQMV_tI5iHBMnWHwRI-QvGtTpEwar5SF7g3MATexehjQgjo1DtY0H1377zrdws6-wC_ih7wlSdZlbqoxTYU8s8SyGbHCCNsLSb1WwO01u-IxXunF+wAA_A_.htm/data/index.js, line 212: TypeError: self.logo is undefined
1582144688574	mozrunner::runner	INFO	Running command: "C:\\Program Files\\Mozilla Firefox\\firefox.exe" "-marionette" "-foreground" "-no-remote" "-profile" "C:\\Users\\6A7A~1\\AppData\\Local\\Temp\\rust_mozprofileeXO8VJ"
1582144689153	addons.webextension.doh-rollout@mozilla.org	WARN	Loading extension 'doh-rollout@mozilla.org': Reading manifest: Invalid extension permission: networkStatus
1582144689835	addons.webextension.screenshots@mozilla.org	WARN	Loading extension 'screenshots@mozilla.org': Reading manifest: Invalid extension permission: mozillaAddons
1582144689835	addons.webextension.screenshots@mozilla.org	WARN	Loading extension 'screenshots@mozilla.org': Reading manifest: Invalid extension permission: telemetry
1582144689835	addons.webextension.screenshots@mozilla.org	WARN	Loading extension 'screenshots@mozilla.org': Reading manifest: Invalid extension permission: resource://pdf.js/
1582144689835	addons.webextension.screenshots@mozilla.org	WARN	Loading extension 'screenshots@mozilla.org': Reading manifest: Invalid extension permission: about:reader*
JavaScript error: resource://gre/modules/XULStore.jsm, line 66: Error: Can't find profile directory.
1582144691348	Marionette	INFO	Listening on port 62929
1582144692169	Marionette	WARN	TLS certificate errors will be ignored for this session
JavaScript warning: https://yastatic.net/jquery/1.10.1/jquery.min.js, line 2: Using //@ to indicate sourceMappingURL pragmas is deprecated. Use //# instead
1582144952351	mozrunner::runner	INFO	Running command: "C:\\Program Files\\Mozilla Firefox\\firefox.exe" "-marionette" "-foreground" "-no-remote" "-profile" "C:\\Users\\6A7A~1\\AppData\\Local\\Temp\\rust_mozprofileUISSPV"
1582144952899	addons.webextension.doh-rollout@mozilla.org	WARN	Loading extension 'doh-rollout@mozilla.org': Reading manifest: Invalid extension permission: networkStatus
1582144953705	addons.webextension.screenshots@mozilla.org	WARN	Loading extension 'screenshots@mozilla.org': Reading manifest: Invalid extension permission: mozillaAddons
1582144953706	addons.webextension.screenshots@mozilla.org	WARN	Loading extension 'screenshots@mozilla.org': Reading manifest: Invalid extension permission: telemetry
1582144953706	addons.webextension.screenshots@mozilla.org	WARN	Loading extension 'screenshots@mozilla.org': Reading manifest: Invalid extension permission: resource://pdf.js/
1582144953706	addons.webextension.screenshots@mozilla.org	WARN	Loading extension 'screenshots@mozilla.org': Reading manifest: Invalid extension permission: about:reader*
JavaScript error: resource://gre/modules/XULStore.jsm, line 66: Error: Can't find profile directory.
1582144955184	Marionette	INFO	Listening on port 63617
1582144956754	Marionette	WARN	TLS certificate errors will be ignored for this session
JavaScript warning: https://yastatic.net/jquery/1.10.1/jquery.min.js, line 2: Using //@ to indicate sourceMappingURL pragmas is deprecated. Use //# instead
1582145043142	Marionette	INFO	Stopped listening on port 63617
1582145213480	mozrunner::runner	INFO	Running command: "C:\\Program Files\\Mozilla Firefox\\firefox.exe" "-marionette" "-foreground" "-no-remote" "-profile" "C:\\Users\\6A7A~1\\AppData\\Local\\Temp\\rust_mozprofile5nEf1X"
1582145214965	addons.webextension.doh-rollout@mozilla.org	WARN	Loading extension 'doh-rollout@mozilla.org': Reading manifest: Invalid extension permission: networkStatus
1582145215548	addons.webextension.screenshots@mozilla.org	WARN	Loading extension 'screenshots@mozilla.org': Reading manifest: Invalid extension permission: mozillaAddons
1582145215549	addons.webextension.screenshots@mozilla.org	WARN	Loading extension 'screenshots@mozilla.org': Reading manifest: Invalid extension permission: telemetry
1582145215549	addons.webextension.screenshots@mozilla.org	WARN	Loading extension 'screenshots@mozilla.org': Reading manifest: Invalid extension permission: resource://pdf.js/
1582145215549	addons.webextension.screenshots@mozilla.org	WARN	Loading extension 'screenshots@mozilla.org': Reading manifest: Invalid extension permission: about:reader*
JavaScript error: resource://gre/modules/XULStore.jsm, line 66: Error: Can't find profile directory.
1582145217328	Marionette	INFO	Listening on port 64423
1582145217371	Marionette	WARN	TLS certificate errors will be ignored for this session
JavaScript warning: https://yastatic.net/jquery/1.10.1/jquery.min.js, line 2: Using //@ to indicate sourceMappingURL pragmas is deprecated. Use //# instead
1582145244856	Marionette	INFO	Stopped listening on port 64423
1582145504067	mozrunner::runner	INFO	Running command: "C:\\Program Files\\Mozilla Firefox\\firefox.exe" "-marionette" "-foreground" "-no-remote" "-profile" "C:\\Users\\6A7A~1\\AppData\\Local\\Temp\\rust_mozprofileRsA3e7"
1582145505780	addons.webextension.doh-rollout@mozilla.org	WARN	Loading extension 'doh-rollout@mozilla.org': Reading manifest: Invalid extension permission: networkStatus
1582145506334	addons.webextension.screenshots@mozilla.org	WARN	Loading extension 'screenshots@mozilla.org': Reading manifest: Invalid extension permission: mozillaAddons
1582145506334	addons.webextension.screenshots@mozilla.org	WARN	Loading extension 'screenshots@mozilla.org': Reading manifest: Invalid extension permission: telemetry
1582145506334	addons.webextension.screenshots@mozilla.org	WARN	Loading extension 'screenshots@mozilla.org': Reading manifest: Invalid extension permission: resource://pdf.js/
1582145506334	addons.webextension.screenshots@mozilla.org	WARN	Loading extension 'screenshots@mozilla.org': Reading manifest: Invalid extension permission: about:reader*
JavaScript error: resource://gre/modules/XULStore.jsm, line 66: Error: Can't find profile directory.
1582145508121	Marionette	INFO	Listening on port 65326
1582145509093	Marionette	WARN	TLS certificate errors will be ignored for this session
JavaScript warning: https://yastatic.net/jquery/1.10.1/jquery.min.js, line 2: Using //@ to indicate sourceMappingURL pragmas is deprecated. Use //# instead
1582145552150	Marionette	INFO	Stopped listening on port 65326
